"cl-rfile"
"Time Step" "cl etc.."
("Time Step" "cl" "flow-time")
0 -139.0175683510593 0
1 85269.94331128766 1e-06
2 89625.127146869 2e-06
3 89802.29848336193 3e-06
4 84339.65496813934 4e-06
5 69134.33337795128 5e-06
6 61896.82938629989 6e-06
7 71671.1378045184 7e-06
8 79612.48749200077 8e-06
9 82581.99604853347 9e-06
10 84849.30519483026 9.999999999999999e-06
11 85720.45563578587 1.1e-05
12 87336.13543358569 1.2e-05
13 88993.19655313554 1.3e-05
14 89748.41314047019 1.4e-05
15 90806.63135374943 1.5e-05
16 90521.4784520937 1.6e-05
17 90919.06039355545 1.7e-05
18 91708.74913670417 1.8e-05
19 91945.19195581773 1.9e-05
20 91965.25157903081 2e-05
21 91714.77397399509 2.1e-05
22 92361.48463516928 2.2e-05
23 92279.68526863637 2.3e-05
24 92447.92332992546 2.4e-05
25 92857.89363354474 2.5e-05
26 93340.3041104225 2.6e-05
27 93699.33376609713 2.7e-05
28 93990.38332415602 2.8e-05
29 94266.32387972462 2.9e-05
30 94528.80781821892 3e-05
31 94464.09279999889 3.1e-05
32 94599.23574329923 3.2e-05
33 95027.9774763045 3.3e-05
34 95278.26164771507 3.4e-05
35 95425.5589429024 3.5e-05
36 95546.05500814233 3.6e-05
37 95678.06063735356 3.7e-05
38 95546.64096069062 3.8e-05
39 95831.20374429999 3.9e-05
40 96353.6092818269 4e-05
41 96697.27262778408 4.1e-05
42 96841.52521815394 4.2e-05
43 96926.93663922574 4.299999999999999e-05
44 97020.28982067305 4.4e-05
45 97104.81102063811 4.5e-05
46 97144.70058475145 4.6e-05
47 97019.84284906964 4.7e-05
48 96907.97716076764 4.8e-05
49 97010.73111785388 4.9e-05
50 97127.28133526373 5e-05
51 97237.80117139769 5.1e-05
52 97370.61300311073 5.2e-05
53 97407.91491340505 5.3e-05
54 97366.94978125079 5.4e-05
55 97267.92227509792 5.5e-05
56 97149.23907526945 5.6e-05
57 97087.4145418033 5.7e-05
58 97090.70692846447 5.8e-05
59 97164.88491916045 5.9e-05
60 97275.7418983328 5.999999999999999e-05
61 97382.09492387953 6.1e-05
62 97448.1689397806 6.2e-05
63 97491.20048044009 6.3e-05
64 97531.02372427205 6.4e-05
65 97554.54509087164 6.499999999999999e-05
66 97559.72114563527 6.599999999999999e-05
67 97568.80379169044 6.7e-05
68 97593.14715955441 6.8e-05
69 97636.57655224805 6.9e-05
70 97690.16125848675 6.999999999999999e-05
71 97739.29879184146 7.099999999999999e-05
72 97774.15538573181 7.2e-05
73 97284.25294121045 7.3e-05
74 97362.78168415313 7.4e-05
75 97704.92176054356 7.499999999999999e-05
76 97944.1433262791 7.599999999999999e-05
77 97919.47743423453 7.7e-05
78 97853.738276951 7.8e-05
79 97826.84622314066 7.9e-05
80 97813.6104021709 7.999999999999999e-05
81 97814.94984660487 8.099999999999999e-05
82 97840.60563561428 8.2e-05
83 97897.18743318709 8.3e-05
84 97970.02958063793 8.4e-05
85 98039.18496460239 8.499999999999999e-05
86 98076.59995662393 8.599999999999999e-05
87 98082.24502462866 8.7e-05
88 98067.54784493255 8.8e-05
89 98055.28909091713 8.899999999999999e-05
90 98059.06998140801 8.999999999999999e-05
91 98082.03748212173 9.099999999999999e-05
92 98113.41602330962 9.2e-05
93 98138.48588215458 9.3e-05
94 98152.28859627672 9.399999999999999e-05
95 98160.07357483635 9.499999999999999e-05
96 98167.84645281416 9.6e-05
97 98175.11898926216 9.7e-05
98 98182.40627198368 9.8e-05
99 98187.42356834462 9.899999999999999e-05
100 98193.74524347043 9.999999999999999e-05
101 98205.87334140507 0.000101
102 98224.38881264784 0.000102
103 98245.51290611039 0.000103
104 98264.48854242489 0.000104
105 98279.24145119713 0.000105
106 98290.85506535535 0.000106
107 98301.03229315189 0.000107
108 98310.02118948709 0.000108
109 98316.87193782431 0.000109
110 98321.27018282618 0.00011
111 98324.38796704616 0.000111
112 98328.1596700012 0.000112
113 98334.17673306093 0.000113
114 98342.64832531592 0.000114
115 98352.47982772118 0.000115
116 98362.27076839827 0.000116
117 98371.13171865941 0.000117
118 98378.77214023429 0.000118
119 98385.31029044582 0.000119
120 98391.04504053222 0.00012
121 98396.38916777693 0.000121
122 98401.65870830949 0.000122
123 98406.94858008639 0.000123
124 98412.1915690329 0.000124
125 98417.26367347171 0.000125
126 98422.07960396352 0.000126
127 98426.62714097016 0.000127
128 98430.94280109786 0.000128
129 98435.06417298813 0.000129
130 98439.00084678025 0.00013
131 98442.74669243766 0.000131
132 98446.29673195622 0.000132
133 98449.65491337988 0.000133
134 98452.83348923361 0.000134
135 98455.82969602736 0.000135
136 98458.63953729079 0.000136
137 98461.26391978895 0.000137
138 98463.674508486 0.000138
139 98465.8160348989 0.000139
140 98467.5844194699 0.00014
141 98468.81797172799 0.000141
142 98470.53050299583 0.000142
143 98469.91127186373 0.000143
144 98468.77200647807 0.000144
145 98468.25275031418 0.000145
146 98468.15926333313 0.000146
147 98468.42408131398 0.000147
148 98469.10478969356 0.000148
149 98469.97746645537 0.000149
150 98470.78340726216 0.00015
151 98471.47502318627 0.000151
152 98472.16441558329 0.000152
153 98472.93169223181 0.000153
154 98473.73576753537 0.000154
155 98474.47978238869 0.000155
156 98475.09952373162 0.000156
157 98475.54358923412 0.000157
158 98475.77350857214 0.000158
159 98475.9549730945 0.000159
160 98476.49517372712 0.00016
161 98477.73042164417 0.000161
162 98479.76547481195 0.000162
163 98482.63365563088 0.000163
164 98486.25295484846 0.000164
165 98490.07559767051 0.000165
166 98493.12998845518 0.000166
167 98494.38693411289 0.000167
168 98493.48410152472 0.000168
169 98491.16694578162 0.000169
170 98489.30280171108 0.00017
171 98489.83696706011 0.000171
172 98490.27896419342 0.000172
173 98490.82972463232 0.000173
174 98491.06309598027 0.000174
175 98495.79438021962 0.000175
176 98498.47016584424 0.000176
177 98502.3344248863 0.000177
178 98506.37174947521 0.000178
179 98513.51746363375 0.000179
180 98517.58793883921 0.00018
181 98518.91099084835 0.000181
182 98520.59752745922 0.000182
183 98530.14809104081 0.000183
184 98553.62640764 0.000184
185 98592.51938495578 0.000185
186 98632.4894627574 0.000186
187 98653.81488082423 0.000187
188 98665.5534639222 0.000188
189 98682.77457041235 0.000189
190 98704.8521904126 0.00019
191 98734.79641754575 0.000191
192 98770.51654817323 0.000192
193 98805.30461897077 0.000193
194 98832.69928710221 0.000194
195 98850.8140894714 0.000195
196 98863.99545772315 0.000196
197 98876.40192017374 0.000197
198 98890.46588086631 0.000198
199 98905.31308529344 0.000199
200 98920.32203713275 0.0002
201 98931.58907041026 0.000201
202 98939.7339680256 0.000202
203 98946.39140050781 0.000203
204 98952.01210476477 0.000204
205 98956.62536468913 0.000205
206 98960.47512517808 0.000206
207 98963.33371909497 0.000207
208 98965.19058948937 0.000208
209 98966.24498028382 0.000209
210 98966.8085950681 0.00021
211 98967.30272924592 0.000211
212 98967.87375362853 0.000212
213 98968.42999002273 0.000213
214 98968.95128943224 0.000214
215 98969.30436503113 0.000215
216 98969.40469578041 0.000216
217 98969.31586407262 0.000217
218 98969.05697173376 0.000218
219 98968.6739075394 0.000219
220 98968.33500231762 0.00022
221 98968.00453278136 0.000221
222 98967.70272871674 0.000222
223 98967.4479887943 0.000223
224 98967.30883157279 0.000224
225 98967.20729920348 0.000225
226 98967.14186331778 0.000226
227 98967.11351328911 0.000227
228 98967.1229281316 0.000228
229 98967.17061419923 0.000229
230 98967.21063122887 0.00023
231 98967.25979120932 0.000231
232 98967.31877441582 0.000232
233 98967.38802139349 0.000233
234 98967.46789910881 0.000234
235 98967.55859690347 0.000235
236 98967.66027065205 0.000236
237 98967.77296460411 0.000237
238 98967.89665815118 0.000238
239 98968.03131233835 0.000239
240 98968.17685015827 0.00024
241 98968.3331696369 0.000241
242 98968.50006840326 0.000242
243 98968.67738976811 0.000243
244 98968.86491182909 0.000244
245 98969.06235018729 0.000245
246 98969.26943595307 0.000246
247 98969.48580897225 0.000247
248 98969.71105709852 0.000248
249 98969.94463444271 0.000249
250 98970.18567998627 0.00025
251 98970.43412987846 0.000251
252 98970.689706944 0.000252
253 98970.95196137954 0.000253
254 98971.22034205028 0.000254
255 98971.49426145045 0.000255
256 98971.77309189593 0.000256
257 98972.05620233256 0.000257
258 98972.34295801808 0.000258
259 98972.63277582335 0.000259
260 98972.92507391887 0.00026
261 98973.21926958975 0.000261
262 98973.51486959889 0.000262
263 98973.81139273831 0.000263
264 98974.10840451949 0.000264
265 98974.40550499359 0.000265
266 98974.70232372225 0.000266
267 98974.99855766425 0.000267
268 98975.29394637705 0.000268
269 98975.58829258953 0.000269
270 98975.88136942466 0.00027
271 98976.17305700263 0.000271
272 98976.46323315488 0.000272
273 98976.75186116094 0.000273
274 98977.03883097836 0.000274
275 98977.32416274317 0.000275
276 98977.60787451841 0.000276
277 98977.8899428467 0.000277
278 98978.17044801141 0.000278
279 98978.44943818689 0.000279
280 98978.72695637155 0.00028
281 98979.00308263137 0.000281
282 98979.27790630388 0.000282
283 98979.55151043269 0.000283
284 98979.82394317143 0.000284
285 98980.09530818462 0.000285
286 98980.3656763413 0.000286
287 98980.63511495791 0.000287
288 98980.90368958954 0.000288
289 98981.41757536891 0.000289
290 98981.94023728036 0.00029
291 98982.21131001999 0.000291
292 98982.4757140032 0.000292
293 98982.73951061767 0.000293
294 98983.00285011383 0.000294
295 98983.26566597034 0.000295
296 98983.52791980813 0.000296
297 98983.78954324251 0.000297
298 98984.05047541457 0.000298
299 98984.31066647128 0.000299
300 98984.57004599541 0.0003
301 98984.82857345014 0.000301
302 98985.08622193114 0.000302
303 98985.34293878217 0.000303
304 98985.59867283044 0.000304
305 98985.85339270582 0.000305
306 98986.10706911648 0.000306
307 98986.35963716416 0.000307
308 98986.61105714415 0.000308
309 98986.86128142373 0.000309
310 98987.11028237986 0.00031
311 98987.35800544795 0.000311
312 98987.60442134686 0.000312
313 98987.84949416347 0.000313
314 98988.09317358171 0.000314
315 98988.335441248 0.000315
316 98988.57626874594 0.000316
317 98988.81560537303 0.000317
318 98989.05345606033 0.000318
319 98989.28975325992 0.000319
320 98989.52451044654 0.00032
321 98989.75769297122 0.000321
322 98989.98926944818 0.000322
323 98990.21925668212 0.000323
324 98990.44760261758 0.000324
325 98990.6743120349 0.000325
326 98990.89938782947 0.000326
327 98991.12278827479 0.000327
328 98991.34451699234 0.000328
329 98991.5645807121 0.000329
330 98991.78298434107 0.00033
331 98991.99970524351 0.000331
332 98992.21477342314 0.000332
333 98992.42816493801 0.000333
334 98992.63990791685 0.000334
335 98992.84997608092 0.000335
336 98993.05840868068 0.000336
337 98993.26520043434 0.000337
338 98993.47034953261 0.000338
339 98993.67387499295 0.000339
340 98993.87579069937 0.00034
341 98994.07608293486 0.000341
342 98994.27479255291 0.000342
343 98994.47191329568 0.000343
344 98994.66745577409 0.000344
345 98994.86140164369 0.000345
346 98995.05380912877 0.000346
347 98995.24469462351 0.000347
348 98995.43404906317 0.000348
349 98995.62188250199 0.000349
350 98995.80820684359 0.0003499999999999999
351 98995.99301540817 0.000351
352 98996.17634661226 0.000352
353 98996.35816671261 0.000353
354 98996.53850726695 0.000354
355 98996.71736075399 0.000355
356 98996.89472155916 0.000356
357 98997.07060188777 0.0003569999999999999
358 98997.24500984786 0.000358
359 98997.41791978526 0.0003589999999999999
360 98997.5893578871 0.00036
361 98997.7593143925 0.000361
362 98997.92781034042 0.000362
363 98998.09482183117 0.000363
364 98998.26038952713 0.000364
365 98998.42448380616 0.000365
366 98998.58711869523 0.000366
367 98998.74831254657 0.000367
368 98998.90806866834 0.0003679999999999999
369 98999.06637718651 0.000369
370 98999.22327445618 0.00037
371 98999.37875864515 0.000371
372 98999.53284760218 0.000372
373 98999.6855449618 0.000373
374 98999.83687121155 0.000374
375 98999.98683890054 0.000375
376 99000.13545135569 0.000376
377 99000.28272115366 0.0003769999999999999
378 99000.42868658986 0.000378
379 99000.57333229083 0.0003789999999999999
380 99000.71668656368 0.00038
381 99000.85876423393 0.000381
382 99000.99958234109 0.000382
383 99001.13915470778 0.000383
384 99001.2774805794 0.000384
385 99001.41459841411 0.000385
386 99001.55051428615 0.0003859999999999999
387 99001.68524652316 0.000387
388 99001.81879406639 0.0003879999999999999
389 99001.95118928423 0.000389
390 99002.08244624802 0.00039
391 99002.21256744569 0.000391
392 99002.34156996344 0.000392
393 99002.46948429151 0.000393
394 99002.5963112701 0.000394
395 99002.72206664916 0.000395
396 99002.84677594653 0.000396
397 99002.97045219182 0.0003969999999999999
398 99003.09311169399 0.000398
399 99003.2147617821 0.0003989999999999999
400 99003.33542320457 0.0004
401 99003.45509447793 0.000401
402 99003.57381576438 0.000402
403 99003.69159335196 0.000403
404 99003.8084197018 0.000404
405 99003.92432743048 0.000405
406 99004.03932986186 0.0004059999999999999
407 99004.15342320055 0.000407
408 99004.26662967379 0.0004079999999999999
409 99004.37896852907 0.000409
410 99004.49045704833 0.00041
411 99004.60107384976 0.000411
412 99004.71085476549 0.000412
413 99004.81980112784 0.000413
414 99004.92793625155 0.000414
415 99005.0352695449 0.000415
416 99005.14180167933 0.000416
417 99005.2475557217 0.0004169999999999999
418 99005.35255264648 0.000418
419 99005.4567775725 0.0004189999999999999
420 99005.56026374293 0.00042
421 99005.66302672902 0.000421
422 99005.76507506891 0.000422
423 99005.86641488316 0.000423
424 99005.96706658027 0.000424
425 99006.06703157052 0.000425
426 99006.16633620087 0.0004259999999999999
427 99006.26499071832 0.000427
428 99006.36300472623 0.0004279999999999999
429 99006.46038801127 0.000429
430 99006.55714153901 0.00043
431 99006.65328786902 0.000431
432 99006.74881183881 0.000432
433 99006.8437473113 0.000433
434 99006.93807616398 0.000434
435 99007.03183399347 0.0004349999999999999
436 99007.12499433605 0.000436
437 99007.21758088654 0.0004369999999999999
438 99007.30958426533 0.000438
439 99007.40101139522 0.000439
440 99007.49186106729 0.00044
441 99007.58214675995 0.000441
442 99007.67186936643 0.000442
443 99007.76103436577 0.000443
444 99007.84962138413 0.000444
445 99007.93765937575 0.000445
446 99008.02515493038 0.0004459999999999999
447 99008.11207790859 0.000447
448 99008.1984539991 0.0004479999999999999
449 99008.28428215432 0.000449
450 99008.36956418866 0.00045
451 99008.45431289369 0.000451
452 99008.53851648675 0.000452
453 99008.62221121612 0.000453
454 99008.7053818264 0.000454
455 99008.78800648691 0.0004549999999999999
456 99008.87013056282 0.000456
457 99008.95173651543 0.0004569999999999999
458 99009.03283653677 0.000458
459 99009.11343827989 0.000459
460 99009.19353397684 0.00046
461 99009.27312560644 0.000461
462 99009.35224159207 0.000462
463 99009.43086522685 0.000463
464 99009.50901239306 0.0004639999999999999
465 99009.58666797727 0.000465
466 99009.66386265302 0.0004659999999999999
467 99009.74056678363 0.000467
468 99009.81679776282 0.0004679999999999999
469 99009.89257565371 0.000469
470 99009.96787377114 0.00047
471 99010.04271282929 0.000471
472 99010.11708285227 0.000472
473 99010.19099853866 0.000473
474 99010.26443816046 0.000474
475 99010.33744042132 0.0004749999999999999
476 99010.40995635188 0.000476
477 99010.48204661456 0.0004769999999999999
478 99010.55366804847 0.000478
479 99010.62484331902 0.000479
480 99010.6955784983 0.00048
481 99010.76587976339 0.000481
482 99010.83572329379 0.000482
483 99010.90513037895 0.000483
484 99010.97409664679 0.0004839999999999999
485 99011.04262273901 0.000485
486 99011.11072262128 0.0004859999999999999
487 99011.17838653702 0.000487
488 99011.24560848104 0.000488
489 99011.31242428935 0.000489
490 99011.37880297843 0.00049
491 99011.44476245684 0.000491
492 99011.51028900612 0.000492
493 99011.57539096246 0.0004929999999999999
494 99011.64008114088 0.000494
495 99011.7043630136 0.000495
496 99011.76823057732 0.000496
497 99011.83167528539 0.0004969999999999999
498 99011.89471252753 0.000498
499 99011.95734520358 0.000499
500 99012.01955746178 0.0005
501 99012.08137058027 0.000501
502 99012.14278039522 0.000502
503 99012.20379257815 0.000503
504 99012.26438569652 0.000504
505 99012.32460944327 0.000505
506 99012.38442730733 0.0005059999999999999
507 99012.44385655213 0.000507
508 99012.50289068594 0.000508
509 99012.5615445095 0.000509
510 99012.61981133324 0.00051
511 99012.6776979221 0.000511
512 99012.73521625882 0.000512
513 99012.79233539735 0.000513
514 99012.84909968809 0.000514
515 99012.90548672678 0.0005149999999999999
516 99012.96149726163 0.000516
517 99013.01714789736 0.000517
518 99013.07244916895 0.000518
519 99013.12740028615 0.000519
520 99013.18199004719 0.00052
521 99013.23623550836 0.000521
522 99013.29013390472 0.000522
523 99013.3437096363 0.000523
524 99013.39694450774 0.0005239999999999999
525 99013.44984463166 0.000525
526 99013.50240793245 0.000526
527 99013.55464951553 0.000527
528 99013.60656753511 0.000528
529 99013.6581689712 0.000529
530 99013.70944171364 0.00053
531 99013.7604065335 0.000531
532 99013.81105049299 0.000532
533 99013.86138990648 0.0005329999999999999
534 99013.91141696471 0.000534
535 99013.96115509819 0.000535
536 99014.01058373778 0.000536
537 99014.05972525917 0.0005369999999999999
538 99014.10857832586 0.000538
539 99014.15715442963 0.000539
540 99014.2054391503 0.00054
541 99014.25345018145 0.000541
542 99014.3011744965 0.0005419999999999999
543 99014.34863978461 0.000543
544 99014.39583499786 0.000544
545 99014.44276519022 0.000545
546 99014.48943425623 0.0005459999999999999
547 99014.53584080562 0.000547
548 99014.5820085961 0.000548
549 99014.6279234798 0.000549
550 99014.67358867527 0.00055
551 99014.71901162073 0.0005509999999999999
552 99014.76419630622 0.000552
553 99014.80915761716 0.000553
554 99014.8538787032 0.000554
555 99014.8983720439 0.0005549999999999999
556 99014.94264509942 0.000556
557 99014.9866890905 0.000557
558 99015.03052309008 0.000558
559 99015.07413385423 0.000559
560 99015.11753964612 0.00056
561 99015.1607313617 0.000561
562 99015.20372422758 0.000562
563 99015.24651380566 0.000563
564 99015.28910324152 0.0005639999999999999
565 99015.33150564232 0.000565
566 99015.37370834067 0.000566
567 99015.41573670556 0.000567
568 99015.45758334162 0.000568
569 99015.49924443987 0.000569
570 99015.54072626117 0.00057
571 99015.58204110349 0.000571
572 99015.62317685813 0.000572
573 99015.66414050304 0.0005729999999999999
574 99015.70495288019 0.000574
575 99015.74558368792 0.000575
576 99015.78605445719 0.000576
577 99015.82636777232 0.000577
578 99015.86651701428 0.000578
579 99015.90652618595 0.000579
580 99015.94637867037 0.00058
581 99015.98608213522 0.000581
582 99016.02563742895 0.0005819999999999999
583 99016.06505355235 0.000583
584 99016.10431885035 0.000584
585 99016.14344023519 0.000585
586 99016.18242480846 0.0005859999999999999
587 99016.22127241941 0.000587
588 99016.25997775767 0.000588
589 99016.29855166674 0.000589
590 99016.3369923477 0.00059
591 99016.37529744 0.0005909999999999999
592 99016.41347587391 0.000592
593 99016.45151764093 0.000593
594 99016.48943639298 0.000594
595 99016.52722194983 0.000595
596 99016.56487948996 0.000596
597 99016.60241088706 0.000597
598 99016.63982532505 0.000598
599 99016.67709540454 0.000599
600 99016.71424399634 0.0006000000000000001
601 99016.75127461563 0.000601
602 99016.78818394942 0.000602
603 99016.82497138706 0.000603
604 99016.86163962806 0.000604
605 99016.89818647677 0.000605
606 99016.93459657492 0.000606
607 99016.97090462944 0.000607
608 99017.00708404853 0.000608
609 99017.04315099212 0.0006090000000000001
610 99017.07908317129 0.00061
611 99017.11490686341 0.000611
612 99017.15060486017 0.000612
613 99017.18619347394 0.000613
614 99017.221658165 0.000614
615 99017.25700287726 0.000615
616 99017.29222639697 0.000616
617 99017.32733657474 0.000617
618 99017.36231554805 0.0006180000000000001
619 99017.39717668347 0.000619
620 99017.43192161301 0.00062
621 99017.46654020123 0.000621
622 99017.5010442927 0.000622
623 99017.53541465997 0.000623
624 99017.56966932671 0.000624
625 99017.6037964124 0.000625
626 99017.63779763947 0.000626
627 99017.67167121528 0.0006270000000000001
628 99017.70542310496 0.000628
629 99017.73904197573 0.000629
630 99017.77253144355 0.00063
631 99017.8058919054 0.0006310000000000001
632 99017.83912216006 0.000632
633 99017.87221948338 0.000633
634 99017.90518521331 0.000634
635 99017.93801493764 0.000635
636 99017.97070745277 0.0006360000000000001
637 99018.0032665772 0.000637
638 99018.03568885487 0.000638
639 99018.06797112094 0.000639
640 99018.10011261351 0.0006400000000000001
641 99018.13211967185 0.000641
642 99018.16397753249 0.000642
643 99018.19568552202 0.000643
644 99018.2272596837 0.000644
645 99018.258688455 0.000645
646 99018.28997759552 0.000646
647 99018.32111193707 0.000647
648 99018.35210202508 0.000648
649 99018.38293737629 0.0006490000000000001
650 99018.41363050489 0.00065
651 99018.44417584536 0.000651
652 99018.47456966955 0.000652
653 99018.50481188562 0.000653
654 99018.53490184966 0.000654
655 99018.56483927745 0.000655
656 99018.59462465685 0.000656
657 99018.62425716943 0.000657
658 99018.65373286301 0.0006580000000000001
659 99018.68305566734 0.000659
660 99018.71222446923 0.00066
661 99018.74123881296 0.000661
662 99018.77009883056 0.000662
663 99018.79881426854 0.000663
664 99018.82736413163 0.000664
665 99018.8557585621 0.000665
666 99018.88399704749 0.000666
667 99018.91208248274 0.0006670000000000001
668 99018.94000732627 0.000668
669 99018.96778444733 0.000669
670 99018.99540598968 0.00067
671 99019.02287054736 0.000671
672 99019.05018076571 0.000672
673 99019.07733389325 0.000673
674 99019.12905747206 0.000674
675 99019.18138056403 0.000675
676 99019.20840412477 0.0006760000000000001
677 99019.23465007012 0.000677
678 99019.28466305655 0.000678
679 99019.33525325826 0.000679
680 99019.38533503043 0.00068
681 99019.43487092761 0.000681
682 99019.46040192657 0.000682
683 99019.48520111312 0.000683
684 99019.50985467903 0.000684
685 99019.53437128523 0.0006850000000000001
686 99019.55874359845 0.000686
687 99019.58298231126 0.000687
688 99019.60708637531 0.000688
689 99019.63104874094 0.0006890000000000001
690 99019.65487612337 0.00069
691 99019.67857009813 0.000691
692 99019.70213226747 0.000692
693 99019.72556191799 0.000693
694 99019.74886117037 0.000694
695 99019.77202761472 0.000695
696 99019.79506906649 0.000696
697 99019.81798369961 0.000697
698 99019.84077189839 0.0006980000000000001
699 99019.86343713745 0.000699
700 99019.88597706975 0.0007
701 99019.90839955914 0.000701
702 99019.93069852277 0.000702
703 99019.95288169419 0.000703
704 99019.9749461617 0.000704
705 99019.99690484788 0.000705
706 99020.0187523952 0.000706
707 99020.04049266072 0.0007070000000000001
708 99020.06212412703 0.000708
709 99020.08364753539 0.000709
710 99020.10507124642 0.00071
711 99020.1263941387 0.000711
712 99020.14762434231 0.000712
713 99020.16874559216 0.000713
714 99020.18977098064 0.000714
715 99020.21069850087 0.000715
716 99020.23153920505 0.0007160000000000001
717 99020.25228984948 0.000717
718 99020.27295113503 0.000718
719 99020.2935204001 0.000719
720 99020.31400972159 0.00072
721 99020.33441664236 0.000721
722 99020.35473835219 0.000722
723 99020.37497821079 0.000723
724 99020.39513929901 0.000724
725 99020.41522174816 0.0007250000000000001
726 99020.43523235731 0.000726
727 99020.45516253004 0.000727
728 99020.47502261098 0.000728
729 99020.49480962292 0.000729
730 99020.51452695843 0.00073
731 99020.53417656528 0.000731
732 99020.55375926978 0.000732
733 99020.57327903445 0.000733
734 99020.59273375206 0.000734
735 99020.61212611798 0.000735
736 99020.63145424545 0.000736
737 99020.65072895755 0.000737
738 99020.66994447439 0.000738
739 99020.68911059092 0.000739
740 99020.7082149034 0.00074
741 99020.72726586233 0.000741
742 99020.74626426768 0.000742
743 99020.76521119381 0.000743
744 99020.78409687674 0.000744
745 99020.80294619441 0.000745
746 99020.82174618095 0.000746
747 99020.84049693632 0.0007470000000000001
748 99020.85921004204 0.000748
749 99020.87786473488 0.000749
750 99020.89647173387 0.00075
751 99020.91503504032 0.000751
752 99020.93355041693 0.000752
753 99020.95203043771 0.000753
754 99020.97046419156 0.000754
755 99020.98886204849 0.000755
756 99021.00721033405 0.0007560000000000001
757 99021.02551462711 0.000757
758 99021.04377723642 0.000758
759 99021.06199828771 0.000759
760 99021.08017964165 0.00076
761 99021.09832061408 0.000761
762 99021.11641776367 0.000762
763 99021.13447973588 0.000763
764 99021.1524999766 0.000764
765 99021.17047907549 0.0007650000000000001
766 99021.18841762019 0.000766
767 99021.20631833743 0.000767
768 99021.22417460766 0.000768
769 99021.24199164619 0.000769
770 99021.25976943846 0.00077
771 99021.27750721731 0.000771
772 99021.29520774307 0.000772
773 99021.31286377909 0.000773
774 99021.3304786256 0.0007740000000000001
775 99021.34805127098 0.000775
776 99021.36558357722 0.000776
777 99021.38307243312 0.000777
778 99021.40052013441 0.000778
779 99021.41792408381 0.000779
780 99021.43528171815 0.00078
781 99021.45259911478 0.000781
782 99021.46987235194 0.000782
783 99021.48709925369 0.000783
784 99021.50427814641 0.000784
785 99021.52141295168 0.000785
786 99021.5385017379 0.000786
787 99021.55554303747 0.000787
788 99021.57253455771 0.000788
789 99021.58947949081 0.000789
790 99021.60636965703 0.00079
791 99021.62320591576 0.000791
792 99021.63998822903 0.000792
793 99021.65671755529 0.000793
794 99021.67339241586 0.000794
795 99021.69001147865 0.000795
796 99021.70657341019 0.000796
797 99021.72308129827 0.000797
798 99021.73953022025 0.000798
799 99021.75591578378 0.000799
800 99021.7722507061 0.0008
801 99021.78852328843 0.000801
802 99021.80473419483 0.000802
803 99021.820883206 0.000803
804 99021.83697127618 0.000804
805 99021.85299191732 0.0008050000000000001
806 99021.86895196044 0.000806
807 99021.88484813267 0.000807
808 99021.90067758507 0.000808
809 99021.91644238366 0.000809
810 99021.93214160598 0.00081
811 99021.94777865249 0.000811
812 99021.96334138226 0.000812
813 99021.97883768799 0.000813
814 99021.99425992562 0.0008140000000000001
815 99022.00962113618 0.000815
816 99022.02491240449 0.000816
817 99022.04013536958 0.000817
818 99022.0552850208 0.000818
819 99022.07036267074 0.000819
820 99022.08536211093 0.00082
821 99022.10029826518 0.000821
822 99022.11516648516 0.000822
823 99022.12995662283 0.0008230000000000001
824 99022.14467278984 0.000824
825 99022.15931796015 0.000825
826 99022.17388274564 0.000826
827 99022.18838275522 0.000827
828 99022.20280784299 0.000828
829 99022.21716199169 0.000829
830 99022.23143690136 0.00083
831 99022.24563108353 0.000831
832 99022.25974309033 0.0008319999999999999
833 99022.27379021863 0.000833
834 99022.28775840439 0.000834
835 99022.30165083619 0.000835
836 99022.31546762664 0.000836
837 99022.32921085469 0.000837
838 99022.34287321496 0.000838
839 99022.35646914643 0.000839
840 99022.36998895291 0.00084
841 99022.38343295037 0.000841
842 99022.3968031258 0.000842
843 99022.410096925 0.000843
844 99022.42331776139 0.000844
845 99022.43646488969 0.000845
846 99022.44954116423 0.000846
847 99022.46254225 0.000847
848 99022.47547018163 0.000848
849 99022.48833072461 0.000849
850 99022.50111484493 0.00085
851 99022.51382809947 0.000851
852 99022.52646546192 0.000852
853 99022.53903924837 0.000853
854 99022.55154911354 0.000854
855 99022.56398444406 0.000855
856 99022.57635267748 0.000856
857 99022.5886530532 0.000857
858 99022.60088719615 0.000858
859 99022.61305626642 0.000859
860 99022.62515978298 0.00086
861 99022.63719798693 0.000861
862 99022.64917267168 0.000862
863 99022.66108593935 0.0008630000000000001
864 99022.67293897993 0.000864
865 99022.68473244661 0.000865
866 99022.69646693559 0.000866
867 99022.70813986834 0.000867
868 99022.71975502676 0.000868
869 99022.73131366036 0.000869
870 99022.74280923491 0.00087
871 99022.75425599181 0.000871
872 99022.76564879449 0.0008720000000000001
873 99022.77698744263 0.000873
874 99022.78827173449 0.000874
875 99022.79950204029 0.000875
876 99022.81068203678 0.000876
877 99022.82181304743 0.000877
878 99022.83289473045 0.000878
879 99022.84392778926 0.000879
880 99022.85491434467 0.00088
881 99022.86585410616 0.0008809999999999999
882 99022.87674812801 0.000882
883 99022.88759991445 0.000883
884 99022.89840554391 0.000884
885 99022.90916640362 0.000885
886 99022.9198891414 0.000886
887 99022.93056733921 0.000887
888 99022.94120594699 0.000888
889 99022.95180536917 0.000889
890 99022.962365721 0.0008899999999999999
891 99022.97288970074 0.000891
892 99022.98337813673 0.000892
893 99022.99383126432 0.000893
894 99023.00424841899 0.000894
895 99023.01463016146 0.000895
896 99023.02498046897 0.000896
897 99023.03530063378 0.000897
898 99023.04558944156 0.000898
899 99023.05584771726 0.000899
900 99023.06607535826 0.0009
901 99023.07627419021 0.000901
902 99023.08644619475 0.000902
903 99023.09659439619 0.000903
904 99023.10671086751 0.000904
905 99023.11680146253 0.000905
906 99023.12686721192 0.000906
907 99023.13690931948 0.000907
908 99023.14692691533 0.000908
909 99023.15692233735 0.000909
910 99023.16689573522 0.00091
911 99023.17684771254 0.000911
912 99023.18677912999 0.0009120000000000001
913 99023.19668964455 0.000913
914 99023.2065803593 0.000914
915 99023.21645213834 0.000915
916 99023.22630432152 0.000916
917 99023.23613736898 0.000917
918 99023.24595060668 0.000918
919 99023.25574611484 0.000919
920 99023.26552215911 0.00092
921 99023.27527451834 0.0009209999999999999
922 99023.28501660693 0.000922
923 99023.29474103161 0.000923
924 99023.30445434613 0.000924
925 99023.31414424778 0.000925
926 99023.32381765649 0.000926
927 99023.33346848369 0.000927
928 99023.34310898345 0.000928
929 99023.35273349722 0.000929
930 99023.36233650756 0.0009299999999999999
931 99023.37192566754 0.000931
932 99023.38149713799 0.000932
933 99023.39105217866 0.000933
934 99023.40059094939 0.000934
935 99023.41011366912 0.000935
936 99023.41961947053 0.000936
937 99023.42910945829 0.000937
938 99023.43858280993 0.000938
939 99023.44803727834 0.0009389999999999999
940 99023.45747504228 0.00094
941 99023.4668943467 0.000941
942 99023.47629546891 0.000942
943 99023.48567783422 0.000943
944 99023.49504124845 0.000944
945 99023.5043858478 0.000945
946 99023.51370874999 0.000946
947 99023.52301301678 0.000947
948 99023.53229639964 0.0009479999999999999
949 99023.54156208114 0.000949
950 99023.55080524349 0.00095
951 99023.56002635117 0.000951
952 99023.56922896409 0.000952
953 99023.57841079446 0.000953
954 99023.58757176691 0.000954
955 99023.59670938388 0.000955
956 99023.60581797091 0.000956
957 99023.61490885288 0.000957
958 99023.62397434197 0.000958
959 99023.63301478175 0.000959
960 99023.64202981233 0.00096
961 99023.65101594546 0.000961
962 99023.65997559034 0.000962
963 99023.66890865703 0.000963
964 99023.67781417476 0.000964
965 99023.68669175085 0.000965
966 99023.69554076306 0.000966
967 99023.70436089918 0.000967
968 99023.71315223242 0.000968
969 99023.72191540922 0.000969
970 99023.73064765731 0.0009699999999999999
971 99023.73934924476 0.000971
972 99023.7480184719 0.000972
973 99023.75665994218 0.000973
974 99023.76526227368 0.000974
975 99023.77383281231 0.000975
976 99023.78236746024 0.000976
977 99023.79086427508 0.000977
978 99023.79932943442 0.0009779999999999999
979 99023.80775963218 0.0009789999999999998
980 99023.81615455171 0.00098
981 99023.82451250122 0.0009809999999999999
982 99023.83283422109 0.000982
983 99023.84111900623 0.0009829999999999999
984 99023.84936730503 0.0009839999999999998
985 99023.85757895547 0.000985
986 99023.86575289509 0.0009859999999999999
987 99023.87388947986 0.000987
988 99023.88198670174 0.0009879999999999999
989 99023.89004477812 0.0009889999999999999
990 99023.89806529265 0.00099
991 99023.9060493898 0.0009909999999999999
992 99023.91399239851 0.000992
993 99023.92189503174 0.000993
994 99023.92975897262 0.0009939999999999999
995 99023.93758214943 0.000995
996 99023.94536521572 0.0009959999999999999
997 99023.95310327061 0.0009969999999999998
998 99023.96080475124 0.000998
999 99023.96846427979 0.0009989999999999999
1000 99023.97608239811 0.001
1001 99023.98365853843 0.001001
1002 99023.99119101581 0.001002
1003 99023.9986840449 0.001003
1004 99024.00613632696 0.001004
1005 99024.01354594603 0.001005
1006 99024.02091541352 0.001006
1007 99024.02824356912 0.001007
1008 99024.03552804879 0.001008
1009 99024.04277472231 0.001009
1010 99024.04998110168 0.00101
1011 99024.05714741121 0.001011
1012 99024.0642726152 0.001012
1013 99024.07135720136 0.001013
1014 99024.07840231812 0.001014
1015 99024.08540664453 0.001015
1016 99024.09237008655 0.001016
1017 99024.09929252167 0.001017
1018 99024.10617567837 0.001018
1019 99024.11302318833 0.001019
1020 99024.11982740932 0.00102
1021 99024.12659248168 0.001021
1022 99024.13332233687 0.001022
1023 99024.14001554887 0.001023
1024 99024.14667191305 0.001024
1025 99024.15328774646 0.001025
1026 99024.15987184792 0.001026
1027 99024.16642154443 0.001027
1028 99024.17293483953 0.001028
1029 99024.17941364393 0.001029
1030 99024.18586004632 0.00103
1031 99024.19226855767 0.001031
1032 99024.19864442827 0.001032
1033 99024.20498788299 0.001033
1034 99024.21129871938 0.001034
1035 99024.21757658973 0.001035
1036 99024.22382280786 0.001036
1037 99024.23003783543 0.001037
1038 99024.23622266744 0.001038
1039 99024.2423792475 0.001039
1040 99024.24850491567 0.00104
1041 99024.25460165541 0.001041
1042 99024.26066622029 0.001042
1043 99024.26670722141 0.001043
1044 99024.27271984739 0.001044
1045 99024.2787063491 0.001045
1046 99024.28466538011 0.001046
1047 99024.29059800364 0.001047
1048 99024.29650541439 0.001048
1049 99024.30238794225 0.001049
1050 99024.30824461221 0.00105
1051 99024.31407723766 0.001051
1052 99024.31988678774 0.001052
1053 99024.32567305515 0.001053
1054 99024.33143705659 0.001054
1055 99024.33717902716 0.001055
1056 99024.34290146211 0.001056
1057 99024.34860490891 0.001057
1058 99024.35428954216 0.001058
1059 99024.3599552136 0.001059
1060 99024.36560416485 0.00106
1061 99024.37123578534 0.001061
1062 99024.37685190095 0.001062
1063 99024.38245190482 0.001063
1064 99024.38803596249 0.001064
1065 99024.39360484001 0.001065
1066 99024.39915513496 0.001066
1067 99024.40469296584 0.001067
1068 99024.41021500115 0.001068
1069 99024.41572274714 0.001069
1070 99024.42121689706 0.00107
1071 99024.42669929235 0.001071
1072 99024.43216878343 0.001072
1073 99024.43762583011 0.001073
1074 99024.44307194956 0.001074
1075 99024.44850660913 0.001075
1076 99024.45393038972 0.001076
1077 99024.45934282536 0.001077
1078 99024.4647452693 0.001078
1079 99024.47013963002 0.001079
1080 99024.47552167602 0.00108
1081 99024.48089406696 0.001081
1082 99024.48625745819 0.001082
1083 99024.49161183108 0.001083
1084 99024.49695751297 0.001084
1085 99024.5022946708 0.001085
1086 99024.50762344812 0.001086
1087 99024.51294451892 0.001087
1088 99024.51825760213 0.001088
1089 99024.52356294669 0.001089
1090 99024.52886149533 0.00109
1091 99024.5341518841 0.001091
1092 99024.53943579507 0.001092
1093 99024.54470982218 0.001093
1094 99024.54997895104 0.001094
1095 99024.55524275434 0.001095
1096 99024.56049956207 0.001096
1097 99024.56574796198 0.001097
1098 99024.57098895458 0.001098
1099 99024.57622164885 0.001099
1100 99024.58144740526 0.0011
1101 99024.58666603721 0.001101
1102 99024.59187690957 0.001102
1103 99024.59708129802 0.001103
1104 99024.60227883626 0.001104
1105 99024.60746877908 0.001105
1106 99024.61265134918 0.001106
1107 99024.61782264407 0.001107
1108 99024.62298927635 0.001108
1109 99024.62814647814 0.001109
1110 99024.633296518 0.00111
1111 99024.63843639397 0.001111
1112 99024.64356716484 0.001112
1113 99024.64868905497 0.001113
1114 99024.65380168798 0.001114
1115 99024.6589060796 0.001115
1116 99024.66400160648 0.001116
1117 99024.66908868424 0.001117
1118 99024.67415975902 0.001118
1119 99024.67922879122 0.001119
1120 99024.68428577849 0.00112
1121 99024.68933256561 0.001121
1122 99024.69437090511 0.001122
1123 99024.69939245893 0.001123
1124 99024.70440865055 0.001124
1125 99024.70940400095 0.001125
1126 99024.714387937 0.001126
1127 99024.71935698115 0.001127
1128 99024.72431394912 0.001128
1129 99024.72925178427 0.001129
1130 99024.73418340849 0.00113
1131 99024.73910016209 0.001131
1132 99024.7440026877 0.001132
1133 99024.74889004766 0.001133
1134 99024.75376203348 0.001134
1135 99024.75861724142 0.001135
1136 99024.76345844462 0.001136
1137 99024.76828318674 0.001137
1138 99024.77309116776 0.001138
1139 99024.77788192069 0.001139
1140 99024.78265480312 0.00114
1141 99024.78740998116 0.001141
1142 99024.79214640666 0.001142
1143 99024.79686579638 0.001143
1144 99024.80156578209 0.001144
1145 99024.80624645426 0.001145
1146 99024.81090845788 0.001146
1147 99024.81555121634 0.001147
1148 99024.82017413263 0.001148
1149 99024.82477665975 0.001149
1150 99024.82935888272 0.00115
1151 99024.83392090845 0.001151
1152 99024.83846175518 0.001152
1153 99024.84298271922 0.001153
1154 99024.84748390384 0.001154
1155 99024.85196389935 0.001155
1156 99024.86049009493 0.001156
1157 99024.86501121412 0.001157
1158 99024.8694046126 0.001158
1159 99024.87377501554 0.001159
1160 99024.87812254448 0.00116
1161 99024.88245111601 0.001161
1162 99024.88676067319 0.001162
1163 99024.89103953289 0.001163
1164 99024.8952949988 0.001164
1165 99024.89952846436 0.001165
1166 99024.90373828691 0.001166
1167 99024.9079190232 0.001167
1168 99024.91208276716 0.001168
1169 99024.91622205936 0.001169
1170 99024.92033576277 0.00117
1171 99024.92442725893 0.001171
1172 99024.92849499584 0.001172
1173 99024.93253940395 0.001173
1174 99024.93655993906 0.001174
1175 99024.94055802545 0.001175
1176 99024.94453245602 0.001176
1177 99024.94848379263 0.001177
1178 99024.95241189524 0.001178
1179 99024.95631640058 0.001179
1180 99024.96019855244 0.00118
1181 99024.96405621465 0.001181
1182 99024.96789122715 0.001182
1183 99024.97170318148 0.001183
1184 99024.9754938011 0.001184
1185 99024.97926188826 0.001185
1186 99024.98300754592 0.001186
1187 99024.98673114071 0.001187
1188 99024.99043304853 0.001188
1189 99024.99411286152 0.001189
1190 99024.99777071319 0.00119
1191 99025.00140794934 0.001191
1192 99025.00502360614 0.001192
1193 99025.00861899371 0.001193
1194 99025.0121941871 0.001194
1195 99025.01574865363 0.001195
1196 99025.01928329062 0.001196
1197 99025.02279878929 0.001197
1198 99025.02629550484 0.001198
1199 99025.02977336648 0.001199
1200 99025.03323324697 0.0012
1201 99025.03667338642 0.001201
1202 99025.04009432533 0.001202
1203 99025.0434975824 0.001203
1204 99025.04688248344 0.001204
1205 99025.05025047601 0.001205
1206 99025.05360056872 0.001206
1207 99025.0569337444 0.001207
1208 99025.06025048415 0.001208
1209 99025.06355170671 0.001209
1210 99025.06683728838 0.00121
1211 99025.07011048343 0.001211
1212 99025.07336231567 0.001212
1213 99025.07660154234 0.001213
1214 99025.07982666708 0.001214
1215 99025.08303911357 0.001215
1216 99025.08623896737 0.001216
1217 99025.08942646151 0.001217
1218 99025.09260121764 0.001218
1219 99025.09576352705 0.001219
1220 99025.09891380789 0.00122
1221 99025.10205264203 0.001221
1222 99025.10518000467 0.001222
1223 99025.10829586886 0.001223
1224 99025.11140107796 0.001224
1225 99025.1144957561 0.001225
1226 99025.11758105182 0.001226
1227 99025.12065277784 0.001227
1228 99025.12371928508 0.001228
1229 99025.12677635106 0.001229
1230 99025.12982445589 0.00123
1231 99025.13286454703 0.001231
1232 99025.13589619573 0.001232
1233 99025.13892001456 0.001233
1234 99025.14193643827 0.001234
1235 99025.14494510254 0.001235
1236 99025.14794889618 0.001236
1237 99025.15094629821 0.001237
1238 99025.15393724566 0.001238
1239 99025.15692183304 0.001239
1240 99025.15990107557 0.00124
1241 99025.16287498316 0.001241
1242 99025.16584435465 0.001242
1243 99025.16880746277 0.001243
1244 99025.17176558425 0.001244
1245 99025.17471813339 0.001245
1246 99025.177668611 0.001246
1247 99025.18061441944 0.001247
1248 99025.18355563362 0.001248
1249 99025.18649269936 0.001249
1250 99025.18942009014 0.00125
1251 99025.1923504493 0.001251
1252 99025.1952766598 0.001252
1253 99025.19819913746 0.001253
1254 99025.20111830742 0.001254
1255 99025.20403446324 0.001255
1256 99025.20694822361 0.001256
1257 99025.20985899039 0.001257
1258 99025.21277262557 0.001258
1259 99025.21567627696 0.001259
1260 99025.21857697023 0.00126
1261 99025.22147507766 0.001261
1262 99025.22436998958 0.001262
1263 99025.22726152053 0.001263
1264 99025.23015013941 0.001264
1265 99025.23303627849 0.001265
1266 99025.2359138805 0.001266
1267 99025.23879620084 0.001267
1268 99025.24167527178 0.001268
1269 99025.24455086471 0.001269
1270 99025.24742322028 0.00127
1271 99025.2502916966 0.001271
1272 99025.25315669361 0.001272
1273 99025.25602122169 0.001273
1274 99025.25888387043 0.001274
1275 99025.26173632636 0.001275
1276 99025.26458710468 0.001276
1277 99025.26743455976 0.001277
1278 99025.27027874012 0.001278
1279 99025.27311914053 0.001279
1280 99025.27595533807 0.00128
1281 99025.27878674594 0.001281
1282 99025.28161406012 0.001282
1283 99025.28442956577 0.001283
1284 99025.28724769138 0.001284
1285 99025.29006047547 0.001285
1286 99025.29286720042 0.001286
1287 99025.29566783363 0.001287
1288 99025.29846218022 0.001288
1289 99025.30125116721 0.001289
1290 99025.30403431979 0.00129
1291 99025.30681168045 0.001291
1292 99025.30958868386 0.001292
1293 99025.31235237018 0.001293
1294 99025.31510924974 0.001294
1295 99025.31785938524 0.001295
1296 99025.32060292894 0.001296
1297 99025.32333908684 0.001297
1298 99025.32606828961 0.001298
1299 99025.32879082202 0.001299
1300 99025.33150259726 0.0013
1301 99025.33420047254 0.001301
1302 99025.33689673546 0.001302
1303 99025.33958324269 0.001303
1304 99025.34225997434 0.001304
1305 99025.3449276688 0.001305
1306 99025.34758716475 0.001306
1307 99025.35023739406 0.001307
1308 99025.35287808035 0.001308
1309 99025.35550881641 0.001309
1310 99025.35813456823 0.00131
1311 99025.36074294106 0.001311
1312 99025.36334152106 0.001312
1313 99025.36592978786 0.001313
1314 99025.36850773268 0.001314
1315 99025.37107461966 0.001315
1316 99025.37363034407 0.001316
1317 99025.37617453226 0.001317
1318 99025.37870726916 0.001318
1319 99025.38122911195 0.001319
1320 99025.38373762948 0.00132
1321 99025.38623430461 0.001321
1322 99025.38871908188 0.001322
1323 99025.39119097039 0.001323
1324 99025.3936496644 0.001324
1325 99025.39609610419 0.001325
1326 99025.39852924185 0.001326
1327 99025.40094882733 0.001327
1328 99025.40335583883 0.001328
1329 99025.40574964466 0.001329
1330 99025.40812449637 0.00133
1331 99025.4104933936 0.001331
1332 99025.41284859963 0.001332
1333 99025.41519002452 0.001333
1334 99025.41751761196 0.001334
1335 99025.41983138195 0.001335
1336 99025.42213166568 0.001336
1337 99025.42441831154 0.001337
1338 99025.42669111228 0.001338
1339 99025.42895006997 0.001339
1340 99025.43119485438 0.00134
1341 99025.4334315032 0.001341
1342 99025.43564673878 0.001342
1343 99025.43784551688 0.001343
1344 99025.44003657326 0.001344
1345 99025.44221415144 0.001345
1346 99025.44437836969 0.001346
1347 99025.44652952805 0.001347
1348 99025.44866769786 0.001348
1349 99025.45079257291 0.001349
1350 99025.45290404897 0.00135
1351 99025.45500188392 0.001351
1352 99025.45708090099 0.001352
1353 99025.45915421641 0.001353
1354 99025.46121356318 0.001354
1355 99025.46325887649 0.001355
1356 99025.46529149974 0.001356
1357 99025.46731106927 0.001357
1358 99025.46931872546 0.001358
1359 99025.47131429898 0.001359
1360 99025.473298089 0.00136
1361 99025.47526975688 0.001361
1362 99025.4772292845 0.001362
1363 99025.47917685946 0.001363
1364 99025.4811125774 0.001364
1365 99025.48303680305 0.001365
1366 99025.48494773252 0.001366
1367 99025.4868500094 0.001367
1368 99025.48874228922 0.001368
1369 99025.49062299161 0.001369
1370 99025.49249349408 0.00137
1371 99025.49435347892 0.001371
1372 99025.49620429959 0.001372
1373 99025.49804472877 0.001373
1374 99025.49987552212 0.001374
1375 99025.50169669342 0.001375
1376 99025.50350806979 0.001376
1377 99025.50531052273 0.001377
1378 99025.50710422131 0.001378
1379 99025.50888906457 0.001379
1380 99025.51066561695 0.00138
1381 99025.51243440236 0.001381
1382 99025.514194395 0.001382
1383 99025.51594657454 0.001383
1384 99025.51769119206 0.001384
1385 99025.5194286456 0.001385
1386 99025.52115922152 0.001386
1387 99025.52288324332 0.001387
1388 99025.52460003011 0.001388
1389 99025.52631178012 0.001389
1390 99025.52801744558 0.00139
1391 99025.52971729111 0.001391
1392 99025.53140825378 0.001392
1393 99025.5330977444 0.001393
1394 99025.53478173548 0.001394
1395 99025.5364609449 0.001395
1396 99025.53813519224 0.001396
1397 99025.53980478752 0.001397
1398 99025.54147001501 0.001398
1399 99025.54313065196 0.001399
1400 99025.54478721054 0.0014
1401 99025.54643992527 0.001401
1402 99025.54808883209 0.001402
1403 99025.54973381652 0.001403
1404 99025.55137513347 0.001404
1405 99025.55301388584 0.001405
1406 99025.55464993598 0.001406
1407 99025.55628344457 0.001407
1408 99025.55791444346 0.001408
1409 99025.559542962 0.001409
1410 99025.56116884665 0.00141
1411 99025.56279207625 0.001411
1412 99025.56441296441 0.001412
1413 99025.56603129909 0.001413
1414 99025.56764793655 0.001414
1415 99025.56926261952 0.001415
1416 99025.57087585882 0.001416
1417 99025.57248802124 0.001417
1418 99025.57409905469 0.001418
1419 99025.57570916608 0.001419
1420 99025.57731860668 0.00142
1421 99025.57892719831 0.001421
1422 99025.58053424692 0.001422
1423 99025.58214035688 0.001423
1424 99025.58374538623 0.001424
1425 99025.58534941687 0.001425
1426 99025.58695262227 0.001426
1427 99025.58855485785 0.001427
1428 99025.59015529543 0.001428
1429 99025.59175570245 0.001429
1430 99025.59335520481 0.00143
1431 99025.59495063064 0.001431
1432 99025.59654898923 0.001432
1433 99025.59814584075 0.001433
1434 99025.5997415493 0.001434
1435 99025.60133549239 0.001435
1436 99025.60292858146 0.001436
1437 99025.60452017596 0.001437
1438 99025.6061099893 0.001438
1439 99025.60769887388 0.001439
1440 99025.60928654003 0.00144
1441 99025.61087315921 0.001441
1442 99025.61245879375 0.001442
1443 99025.61404353194 0.001443
1444 99025.61562633447 0.001444
1445 99025.61720760079 0.001445
1446 99025.61878737767 0.001446
1447 99025.62036557669 0.001447
1448 99025.62194198921 0.001448
1449 99025.62351656763 0.001449
1450 99025.62508931062 0.00145
1451 99025.62666013306 0.001451
1452 99025.62823045262 0.001452
1453 99025.62979620215 0.001453
1454 99025.63135959129 0.001454
1455 99025.63292049071 0.001455
1456 99025.6344787291 0.001456
1457 99025.63602801356 0.001457
1458 99025.63758096666 0.001458
1459 99025.63912993387 0.001459
1460 99025.64067507976 0.00146
1461 99025.64221639173 0.001461
1462 99025.64375372218 0.001462
1463 99025.64528718001 0.001463
1464 99025.646816747 0.001464
1465 99025.6483422192 0.001465
1466 99025.64986305713 0.001466
1467 99025.65137858932 0.001467
1468 99025.65288929705 0.001468
1469 99025.65439511527 0.001469
1470 99025.65589645741 0.00147
1471 99025.65739364068 0.001471
1472 99025.65888629644 0.001472
1473 99025.66037444063 0.001473
1474 99025.66185803656 0.001474
1475 99025.6633360416 0.001475
