"f-rfile"
"Time Step" "f etc.."
("Time Step" "f" "flow-time")
0 667.0868799341264 0
1 65583.43920321191 1e-06
2 68152.21650161293 2e-06
3 68169.62126029834 3e-06
4 62982.8757525897 4e-06
5 51448.03388750915 5e-06
6 46374.04871596032 6e-06
7 53777.63635187619 7e-06
8 59210.91313267451 8e-06
9 60529.41884407086 9e-06
10 61375.08944585009 9.999999999999999e-06
11 61320.18920720025 1.1e-05
12 61783.16793364984 1.2e-05
13 62285.40343730433 1.3e-05
14 62327.76735093634 1.4e-05
15 62853.6637372906 1.5e-05
16 62594.60890881443 1.6e-05
17 62914.22116653715 1.7e-05
18 63494.96799560568 1.8e-05
19 63617.18673259143 1.9e-05
20 63540.31285676345 2e-05
21 63256.42831168921 2.1e-05
22 63679.96498703382 2.2e-05
23 63580.10860241629 2.3e-05
24 63607.96962098561 2.4e-05
25 63789.18549072981 2.5e-05
26 64019.39245739556 2.6e-05
27 64157.17595894996 2.7e-05
28 64266.43235362989 2.8e-05
29 64373.42280355607 2.9e-05
30 64469.67614398262 3e-05
31 64325.60332711793 3.1e-05
32 64329.7477590232 3.2e-05
33 64548.14808088626 3.3e-05
34 64630.73955903884 3.4e-05
35 64630.21324195962 3.5e-05
36 64624.44422724029 3.6e-05
37 64654.29265403101 3.7e-05
38 64520.86123444892 3.8e-05
39 64710.17252187566 3.9e-05
40 65060.54106088215 4e-05
41 65260.29300862276 4.1e-05
42 65305.21413544316 4.2e-05
43 65328.60995886956 4.299999999999999e-05
44 65394.05721704962 4.4e-05
45 65471.15153212686 4.5e-05
46 65509.75380495432 4.6e-05
47 65421.39068531745 4.7e-05
48 65314.75335344824 4.8e-05
49 65359.4579238785 4.9e-05
50 65426.24373990538 5e-05
51 65484.49670800981 5.1e-05
52 65549.03089183723 5.2e-05
53 65549.96960837844 5.3e-05
54 65504.07754593795 5.4e-05
55 65425.2096150208 5.5e-05
56 65339.06185931795 5.6e-05
57 65300.78107244137 5.7e-05
58 65298.8301131434 5.8e-05
59 65308.78204371358 5.9e-05
60 65327.34254822267 5.999999999999999e-05
61 65370.90275176537 6.1e-05
62 65422.60074871586 6.2e-05
63 65470.19328101528 6.3e-05
64 65508.17090478022 6.4e-05
65 65528.25221274004 6.499999999999999e-05
66 65536.66774951392 6.599999999999999e-05
67 65550.48853865534 6.7e-05
68 65568.65865613312 6.8e-05
69 65587.06115961289 6.9e-05
70 65602.8149410427 6.999999999999999e-05
71 65616.03091910417 7.099999999999999e-05
72 65625.05859972282 7.2e-05
73 65256.34153334969 7.3e-05
74 65308.96570848383 7.4e-05
75 65567.84580799387 7.499999999999999e-05
76 65751.8060724844 7.599999999999999e-05
77 65730.95473914628 7.7e-05
78 65671.10280094876 7.8e-05
79 65641.99773876459 7.9e-05
80 65627.23993219645 7.999999999999999e-05
81 65618.00969766446 8.099999999999999e-05
82 65614.91149137873 8.2e-05
83 65629.51902731926 8.3e-05
84 65665.95032835468 8.4e-05
85 65719.24862598715 8.499999999999999e-05
86 65762.66544088449 8.599999999999999e-05
87 65786.80385863992 8.7e-05
88 65794.06229147705 8.8e-05
89 65793.00992696475 8.899999999999999e-05
90 65792.91136032906 8.999999999999999e-05
91 65797.34470060102 9.099999999999999e-05
92 65804.62527965325 9.2e-05
93 65812.30481551349 9.3e-05
94 65819.55195535638 9.399999999999999e-05
95 65826.91180063049 9.499999999999999e-05
96 65834.64136356862 9.6e-05
97 65841.37147678212 9.7e-05
98 65848.98903654414 9.8e-05
99 65856.21943242621 9.899999999999999e-05
100 65863.02127081125 9.999999999999999e-05
101 65869.71064374452 0.000101
102 65876.29437536301 0.000102
103 65882.56889697553 0.000103
104 65888.30204970023 0.000104
105 65893.27666776272 0.000105
106 65897.42061545073 0.000106
107 65900.85612578659 0.000107
108 65903.7945677454 0.000108
109 65906.52901605723 0.000109
110 65909.33034555949 0.00011
111 65912.29161194485 0.000111
112 65915.36551183312 0.000112
113 65918.53791564271 0.000113
114 65921.77447303971 0.000114
115 65924.98426044574 0.000115
116 65928.0604136632 0.000116
117 65930.93220400478 0.000117
118 65933.57424297903 0.000118
119 65936.01391772508 0.000119
120 65938.28365081186 0.00012
121 65940.44786207698 0.000121
122 65942.54571614182 0.000122
123 65944.57594815971 0.000123
124 65946.51982822885 0.000124
125 65948.36112506865 0.000125
126 65950.0932958015 0.000126
127 65951.70436823284 0.000127
128 65953.21223476647 0.000128
129 65954.62708114985 0.000129
130 65955.9473182176 0.00013
131 65957.16487677475 0.000131
132 65958.26827023638 0.000132
133 65959.25613532345 0.000133
134 65960.15103963841 0.000134
135 65960.9647973766 0.000135
136 65961.70691765925 0.000136
137 65962.39315706198 0.000137
138 65963.02624489224 0.000138
139 65963.60426434019 0.000139
140 65964.11420236639 0.00014
141 65964.5301134655 0.000141
142 65965.67487318817 0.000142
143 65965.47297410198 0.000143
144 65965.07000720725 0.000144
145 65965.02503003691 0.000145
146 65964.97023882388 0.000146
147 65964.79478124119 0.000147
148 65964.64582358146 0.000148
149 65964.52669917746 0.000149
150 65964.36610742942 0.00015
151 65964.15502821449 0.000151
152 65963.96662095748 0.000152
153 65963.87393210016 0.000153
154 65963.87714816163 0.000154
155 65963.9140563275 0.000155
156 65963.91661523146 0.000156
157 65963.84661415679 0.000157
158 65963.71374442941 0.000158
159 65963.58669534574 0.000159
160 65963.54645966434 0.00016
161 65963.6246241855 0.000161
162 65963.80743695493 0.000162
163 65964.0684134803 0.000163
164 65964.35994718362 0.000164
165 65964.59437338443 0.000165
166 65964.69538816347 0.000166
167 65964.65878056829 0.000167
168 65964.5762875712 0.000168
169 65964.61892057072 0.000169
170 65965.33766354612 0.00017
171 65969.01262893305 0.000171
172 65973.4419322324 0.000172
173 65978.11371461183 0.000173
174 65982.51193999602 0.000174
175 65990.02057074272 0.000175
176 65995.5421618861 0.000176
177 66001.15570989551 0.000177
178 66005.87464539506 0.000178
179 66012.01341193891 0.000179
180 66015.70021857425 0.00018
181 66018.19226612122 0.000181
182 66023.12633147776 0.000182
183 66034.76938934317 0.000183
184 66055.48882841291 0.000184
185 66087.04715815354 0.000185
186 66121.21681866914 0.000186
187 66142.63461099518 0.000187
188 66152.70801477526 0.000188
189 66160.07812334431 0.000189
190 66168.64913846648 0.00019
191 66180.53804543179 0.000191
192 66194.39127000929 0.000192
193 66209.03462061385 0.000193
194 66223.21151363984 0.000194
195 66235.20055572783 0.000195
196 66244.96098027618 0.000196
197 66253.19685056587 0.000197
198 66260.89114975971 0.000198
199 66267.53896756891 0.000199
200 66273.31795062521 0.0002
201 66277.10405990806 0.000201
202 66279.47748791828 0.000202
203 66281.23915726421 0.000203
204 66282.65744609573 0.000204
205 66283.81458091551 0.000205
206 66284.78724750575 0.000206
207 66285.54587831783 0.000207
208 66286.14109209013 0.000208
209 66286.60570914893 0.000209
210 66286.92771084128 0.00021
211 66287.18716293667 0.000211
212 66287.39703370513 0.000212
213 66287.55519306946 0.000213
214 66287.71536246402 0.000214
215 66287.87940567006 0.000215
216 66288.01231832031 0.000216
217 66288.14814697616 0.000217
218 66288.29034565818 0.000218
219 66288.4446940865 0.000219
220 66288.57668040003 0.00022
221 66288.72398992818 0.000221
222 66288.88595704149 0.000222
223 66289.06048355107 0.000223
224 66289.18743534471 0.000224
225 66289.31929710106 0.000225
226 66289.45697151001 0.000226
227 66289.59963327221 0.000227
228 66289.74627007302 0.000228
229 66289.89607191493 0.000229
230 66289.97397593652 0.00023
231 66290.05107878237 0.000231
232 66290.12840048269 0.000232
233 66290.20630753637 0.000233
234 66290.28495990412 0.000234
235 66290.36428674225 0.000235
236 66290.44438246843 0.000236
237 66290.52525988329 0.000237
238 66290.60683584341 0.000238
239 66290.68902191411 0.000239
240 66290.77170977654 0.00024
241 66290.85480659056 0.000241
242 66290.9381800659 0.000242
243 66291.02176822114 0.000243
244 66291.10548765848 0.000244
245 66291.18933157838 0.000245
246 66291.27318699194 0.000246
247 66291.3569979772 0.000247
248 66291.44073819864 0.000248
249 66291.52438376674 0.000249
250 66291.60790954003 0.00025
251 66291.69126340376 0.000251
252 66291.77443204723 0.000252
253 66291.85740358235 0.000253
254 66291.94010659998 0.000254
255 66292.02243284373 0.000255
256 66292.10431817464 0.000256
257 66292.18570411373 0.000257
258 66292.26652221988 0.000258
259 66292.34666152847 0.000259
260 66292.42608964525 0.00026
261 66292.50479958236 0.000261
262 66292.58253888648 0.000262
263 66292.65937335118 0.000263
264 66292.73543897366 0.000264
265 66292.81063158781 0.000265
266 66292.88484159754 0.000266
267 66292.95801108604 0.000267
268 66293.03002325563 0.000268
269 66293.10044873046 0.000269
270 66293.16983546807 0.00027
271 66293.23816404887 0.000271
272 66293.30535944919 0.000272
273 66293.37141114812 0.000273
274 66293.43624909554 0.000274
275 66293.49987332981 0.000275
276 66293.56232512383 0.000276
277 66293.62367502631 0.000277
278 66293.68408604522 0.000278
279 66293.74371356658 0.000279
280 66293.80274425818 0.00028
281 66293.86136047129 0.000281
282 66293.91971013293 0.000282
283 66293.97779544089 0.000283
284 66294.03571726766 0.000284
285 66294.09364231046 0.000285
286 66294.15156435396 0.000286
287 66294.20943029491 0.000287
288 66294.26715798245 0.000288
289 66294.37636504105 0.000289
290 66294.48653141956 0.00029
291 66294.543720848 0.000291
292 66294.59944488446 0.000292
293 66294.6548750362 0.000293
294 66294.71004861374 0.000294
295 66294.76489101633 0.000295
296 66294.81933544997 0.000296
297 66294.87340102677 0.000297
298 66294.92713776955 0.000298
299 66294.98040792569 0.000299
300 66295.03318615096 0.0003
301 66295.08547111391 0.000301
302 66295.13728981215 0.000302
303 66295.18866621003 0.000303
304 66295.23958657695 0.000304
305 66295.29011008407 0.000305
306 66295.34028093719 0.000306
307 66295.39011941187 0.000307
308 66295.43967426402 0.000308
309 66295.48893841858 0.000309
310 66295.53798675454 0.00031
311 66295.58685071788 0.000311
312 66295.63559833431 0.000312
313 66295.68426446819 0.000313
314 66295.73289914787 0.000314
315 66295.78154815064 0.000315
316 66295.83027166979 0.000316
317 66295.87908696367 0.000317
318 66295.92805517059 0.000318
319 66295.97717782055 0.000319
320 66296.02648899282 0.00032
321 66296.07599463817 0.000321
322 66296.12570360755 0.000322
323 66296.17564971163 0.000323
324 66296.22584306223 0.000324
325 66296.27632521422 0.000325
326 66296.32712264745 0.000326
327 66296.37826310632 0.000327
328 66296.42977185606 0.000328
329 66296.4816733316 0.000329
330 66296.53400410592 0.00033
331 66296.58677235821 0.000331
332 66296.63997289959 0.000332
333 66296.69347045881 0.000333
334 66296.74741797283 0.000334
335 66296.8017980119 0.000335
336 66296.85659423549 0.000336
337 66296.91178921767 0.000337
338 66296.96737072107 0.000338
339 66297.0233194532 0.000339
340 66297.07962742267 0.00034
341 66297.13626616746 0.000341
342 66297.19323449105 0.000342
343 66297.25050457861 0.000343
344 66297.3080663025 0.000344
345 66297.36562716292 0.000345
346 66297.42343066417 0.000346
347 66297.48163429668 0.000347
348 66297.54016423915 0.000348
349 66297.59896069313 0.000349
350 66297.65796493627 0.0003499999999999999
351 66297.71713494428 0.000351
352 66297.77644700353 0.000352
353 66297.83587001733 0.000353
354 66297.89538199724 0.000354
355 66297.95494067814 0.000355
356 66298.01454215845 0.000356
357 66298.0741416403 0.0003569999999999999
358 66298.13371146515 0.000358
359 66298.19322000133 0.0003589999999999999
360 66298.25264453939 0.00036
361 66298.31197148841 0.000361
362 66298.37127042061 0.000362
363 66298.43042732487 0.000363
364 66298.48944535981 0.000364
365 66298.54831229706 0.000365
366 66298.60702268213 0.000366
367 66298.66555392595 0.000367
368 66298.72388183585 0.0003679999999999999
369 66298.78195767751 0.000369
370 66298.83972915026 0.00037
371 66298.89712976353 0.000371
372 66298.95408834211 0.000372
373 66299.01052705132 0.000373
374 66299.0663905429 0.000374
375 66299.12164782904 0.000375
376 66299.17627714259 0.000376
377 66299.2303074894 0.0003769999999999999
378 66299.28377517857 0.000378
379 66299.33672380548 0.0003789999999999999
380 66299.38917935072 0.00038
381 66299.44116540007 0.000381
382 66299.4926949106 0.000382
383 66299.54375724347 0.000383
384 66299.5943615814 0.000384
385 66299.64451079939 0.000385
386 66299.69417205185 0.0003859999999999999
387 66299.74336613246 0.000387
388 66299.79208279737 0.0003879999999999999
389 66299.84031335586 0.000389
390 66299.88806026946 0.00039
391 66299.93531430762 0.000391
392 66299.98206142166 0.000392
393 66300.02827958899 0.000393
394 66300.07392898662 0.000394
395 66300.11896838417 0.000395
396 66300.16322960032 0.000396
397 66300.20684894483 0.0003969999999999999
398 66300.24979382344 0.000398
399 66300.2920299304 0.0003989999999999999
400 66300.33352986105 0.0004
401 66300.37426591164 0.000401
402 66300.41422943116 0.000402
403 66300.45341194644 0.000403
404 66300.49176469253 0.000404
405 66300.52933217341 0.000405
406 66300.56613862589 0.0004059999999999999
407 66300.60217356209 0.000407
408 66300.63744066522 0.0004079999999999999
409 66300.67195318277 0.000409
410 66300.70572608481 0.00041
411 66300.73876738532 0.000411
412 66300.7711108885 0.000412
413 66300.80278385844 0.000413
414 66300.83384480939 0.000414
415 66300.86430849842 0.000415
416 66300.89415449878 0.000416
417 66300.9233944904 0.0004169999999999999
418 66300.95204864806 0.000418
419 66300.98009851253 0.0004189999999999999
420 66301.00753045363 0.00042
421 66301.03435311122 0.000421
422 66301.06054222341 0.000422
423 66301.08607893436 0.000423
424 66301.11094518959 0.000424
425 66301.1351254717 0.000425
426 66301.15862550167 0.0004259999999999999
427 66301.18143713253 0.000427
428 66301.203568703 0.0004279999999999999
429 66301.22502567117 0.000429
430 66301.24581461673 0.00043
431 66301.26593813223 0.000431
432 66301.28539860166 0.000432
433 66301.3042076212 0.000433
434 66301.32236187985 0.000434
435 66301.33987180857 0.0004349999999999999
436 66301.35673671612 0.000436
437 66301.37282595233 0.0004369999999999999
438 66301.38812833172 0.000438
439 66301.40291059906 0.000439
440 66301.41717740902 0.00044
441 66301.43093734258 0.000441
442 66301.44420695871 0.000442
443 66301.45704948103 0.000443
444 66301.4695196737 0.000444
445 66301.48171402492 0.000445
446 66301.49370603684 0.0004459999999999999
447 66301.50556409336 0.000447
448 66301.51733999267 0.0004479999999999999
449 66301.52909824939 0.000449
450 66301.54087053079 0.00045
451 66301.55269579357 0.000451
452 66301.5645855083 0.000452
453 66301.57655235486 0.000453
454 66301.58859021557 0.000454
455 66301.60072700986 0.0004549999999999999
456 66301.61294484625 0.000456
457 66301.62524970216 0.0004569999999999999
458 66301.63765920798 0.000458
459 66301.6501930149 0.000459
460 66301.66285291946 0.00046
461 66301.67564257896 0.000461
462 66301.68856653529 0.000462
463 66301.70160688164 0.000463
464 66301.7147493189 0.0004639999999999999
465 66301.72797881717 0.000465
466 66301.74129017247 0.0004659999999999999
467 66301.75466330281 0.000467
468 66301.76809283708 0.0004679999999999999
469 66301.78157697256 0.000469
470 66301.79511202854 0.00047
471 66301.80869756037 0.000471
472 66301.82233460811 0.000472
473 66301.83603498952 0.000473
474 66301.84980542371 0.000474
475 66301.86367843303 0.0004749999999999999
476 66301.87766066626 0.000476
477 66301.8917951592 0.0004769999999999999
478 66301.90607670807 0.000478
479 66301.92054646033 0.000479
480 66301.93521141395 0.00048
481 66301.95009027883 0.000481
482 66301.96519545741 0.000482
483 66301.98053900723 0.000483
484 66301.99611449182 0.0004839999999999999
485 66302.01193966405 0.000485
486 66302.02801964626 0.0004859999999999999
487 66302.04436241087 0.000487
488 66302.060984793 0.000488
489 66302.0778858024 0.000489
490 66302.09507260763 0.00049
491 66302.11256017859 0.000491
492 66302.13034684995 0.000492
493 66302.1484448586 0.0004929999999999999
494 66302.16686564963 0.000494
495 66302.1856185596 0.000495
496 66302.20469516485 0.000496
497 66302.22411581132 0.0004969999999999999
498 66302.24388492473 0.000498
499 66302.26401421196 0.000499
500 66302.28450218961 0.0005
501 66302.30536201962 0.000501
502 66302.32659216771 0.000502
503 66302.34818722759 0.000503
504 66302.37013896616 0.000504
505 66302.3924401007 0.000505
506 66302.41501756413 0.0005059999999999999
507 66302.43794990567 0.000507
508 66302.46122060655 0.000508
509 66302.48482294583 0.000509
510 66302.50867084326 0.00051
511 66302.53262921226 0.000511
512 66302.55693726341 0.000512
513 66302.58156228779 0.000513
514 66302.60647498758 0.000514
515 66302.63164142532 0.0005149999999999999
516 66302.65700427232 0.000516
517 66302.68250724585 0.000517
518 66302.70811398272 0.000518
519 66302.73379664852 0.000519
520 66302.75953497305 0.00052
521 66302.78532216215 0.000521
522 66302.81116987565 0.000522
523 66302.837093276 0.000523
524 66302.86308130027 0.0005239999999999999
525 66302.88913914864 0.000525
526 66302.91525848939 0.000526
527 66302.94142109182 0.000527
528 66302.96761142633 0.000528
529 66302.99381256654 0.000529
530 66303.02000386716 0.00053
531 66303.04615409914 0.000531
532 66303.0722405758 0.000532
533 66303.0982585507 0.0005329999999999999
534 66303.12420408278 0.000534
535 66303.15007140522 0.000535
536 66303.17584849209 0.000536
537 66303.2015414949 0.0005369999999999999
538 66303.22712146526 0.000538
539 66303.25257423584 0.000539
540 66303.2778886781 0.00054
541 66303.30305593836 0.000541
542 66303.32806159051 0.0005419999999999999
543 66303.35289597338 0.000543
544 66303.37752294136 0.000544
545 66303.40190493898 0.000545
546 66303.42602549819 0.0005459999999999999
547 66303.44987606684 0.000547
548 66303.47346401695 0.000548
549 66303.49679241322 0.000549
550 66303.51986652073 0.00055
551 66303.54269916925 0.0005509999999999999
552 66303.5652952112 0.000552
553 66303.58766032776 0.000553
554 66303.60978762835 0.000554
555 66303.63166976444 0.0005549999999999999
556 66303.65329765738 0.000556
557 66303.67465140416 0.000557
558 66303.69572339201 0.000558
559 66303.71649303686 0.000559
560 66303.73695088393 0.00056
561 66303.75707970656 0.000561
562 66303.77685610924 0.000562
563 66303.79625121508 0.000563
564 66303.81532851439 0.0005639999999999999
565 66303.83408455628 0.000565
566 66303.85250807081 0.000566
567 66303.87060967405 0.000567
568 66303.88837530963 0.000568
569 66303.90579495011 0.000569
570 66303.92287435093 0.00057
571 66303.93961032431 0.000571
572 66303.95597778958 0.000572
573 66303.9719741583 0.0005729999999999999
574 66303.98760710671 0.000574
575 66304.00285444566 0.000575
576 66304.01772101602 0.000576
577 66304.03220359547 0.000577
578 66304.04629690041 0.000578
579 66304.06000623731 0.000579
580 66304.07332707896 0.00058
581 66304.08626934838 0.000581
582 66304.09882643961 0.0005819999999999999
583 66304.11100688025 0.000583
584 66304.12280248234 0.000584
585 66304.13421729463 0.000585
586 66304.14525842798 0.0005859999999999999
587 66304.1559225902 0.000587
588 66304.16620964186 0.000588
589 66304.17612648944 0.000589
590 66304.18567588594 0.00059
591 66304.19485164277 0.0005909999999999999
592 66304.20366370994 0.000592
593 66304.2121173872 0.000593
594 66304.22022666765 0.000594
595 66304.22799231057 0.000595
596 66304.235433123 0.000596
597 66304.24255702643 0.000597
598 66304.249370119 0.000598
599 66304.25588288567 0.000599
600 66304.26210274207 0.0006000000000000001
601 66304.26804614457 0.000601
602 66304.27371621801 0.000602
603 66304.27912011379 0.000603
604 66304.28426358718 0.000604
605 66304.28914686354 0.000605
606 66304.29378885134 0.000606
607 66304.29820072158 0.000607
608 66304.30239637084 0.000608
609 66304.30641161381 0.0006090000000000001
610 66304.31022952226 0.00061
611 66304.3137996111 0.000611
612 66304.31733554053 0.000612
613 66304.32085049493 0.000613
614 66304.32434583992 0.000614
615 66304.32781085085 0.000615
616 66304.33123386547 0.000616
617 66304.33460697539 0.000617
618 66304.33792407619 0.0006180000000000001
619 66304.34118497217 0.000619
620 66304.3443974283 0.00062
621 66304.34757203802 0.000621
622 66304.35072463931 0.000622
623 66304.35386217214 0.000623
624 66304.35700394875 0.000624
625 66304.36016074539 0.000625
626 66304.36334591675 0.000626
627 66304.36656672528 0.0006270000000000001
628 66304.36983449623 0.000628
629 66304.37315148495 0.000629
630 66304.37652034922 0.00063
631 66304.37994783971 0.0006310000000000001
632 66304.3834409963 0.000632
633 66304.38700741356 0.000633
634 66304.39065789765 0.000634
635 66304.39440159044 0.000635
636 66304.39825020827 0.0006360000000000001
637 66304.4022216235 0.000637
638 66304.40632604428 0.000638
639 66304.41057108474 0.000639
640 66304.41496233354 0.0006400000000000001
641 66304.41950352807 0.000641
642 66304.42419205817 0.000642
643 66304.42902351938 0.000643
644 66304.43399228116 0.000644
645 66304.4390926307 0.000645
646 66304.4443212051 0.000646
647 66304.44967517757 0.000647
648 66304.45515832676 0.000648
649 66304.46077347784 0.0006490000000000001
650 66304.46652473677 0.00065
651 66304.47242193764 0.000651
652 66304.47847292326 0.000652
653 66304.48468755832 0.000653
654 66304.49106862539 0.000654
655 66304.49762469561 0.000655
656 66304.50436376868 0.000656
657 66304.51129698889 0.000657
658 66304.5184296978 0.0006580000000000001
659 66304.52576951959 0.000659
660 66304.53332219567 0.00066
661 66304.54109166062 0.000661
662 66304.54908324992 0.000662
663 66304.55730252086 0.000663
664 66304.56574681791 0.000664
665 66304.57441974974 0.000665
666 66304.58332479309 0.000666
667 66304.59246537848 0.0006670000000000001
668 66304.60183925625 0.000668
669 66304.61144673661 0.000669
670 66304.62128473751 0.00067
671 66304.63134756486 0.000671
672 66304.64163217205 0.000672
673 66304.65211312838 0.000673
674 66304.67291474584 0.000674
675 66304.69520665279 0.000675
676 66304.70699651761 0.0006760000000000001
677 66304.71865468712 0.000677
678 66304.74178691744 0.000678
679 66304.76598467398 0.000679
680 66304.79060176619 0.00068
681 66304.81551381768 0.000681
682 66304.82840776803 0.000682
683 66304.84104958744 0.000683
684 66304.85373014786 0.000684
685 66304.86645573885 0.0006850000000000001
686 66304.87924347332 0.000686
687 66304.89212247392 0.000687
688 66304.90510538536 0.000688
689 66304.91820036113 0.0006890000000000001
690 66304.9314054007 0.00069
691 66304.94471334938 0.000691
692 66304.9581111141 0.000692
693 66304.97157907076 0.000693
694 66304.98509784629 0.000694
695 66304.99864821527 0.000695
696 66305.01220530705 0.000696
697 66305.02574534279 0.000697
698 66305.03924138627 0.0006980000000000001
699 66305.0526697575 0.000699
700 66305.06600785271 0.0007
701 66305.07923852676 0.000701
702 66305.09235036634 0.000702
703 66305.10533655416 0.000703
704 66305.11819589109 0.000704
705 66305.13092867982 0.000705
706 66305.14354002629 0.000706
707 66305.15603792045 0.0007070000000000001
708 66305.16842449328 0.000708
709 66305.18070471623 0.000709
710 66305.19287687044 0.00071
711 66305.20493746876 0.000711
712 66305.21687792701 0.000712
713 66305.2286842761 0.000713
714 66305.24034765942 0.000714
715 66305.25185392305 0.000715
716 66305.2632110046 0.0007160000000000001
717 66305.27441434059 0.000717
718 66305.28546627969 0.000718
719 66305.2963678628 0.000719
720 66305.30711506354 0.00072
721 66305.31770657098 0.000721
722 66305.32813114329 0.000722
723 66305.33835137861 0.000723
724 66305.34837461601 0.000724
725 66305.35821187015 0.0007250000000000001
726 66305.36785283746 0.000726
727 66305.37728913098 0.000727
728 66305.38651769719 0.000728
729 66305.39553186593 0.000729
730 66305.40433229777 0.00073
731 66305.41291922545 0.000731
732 66305.42129239145 0.000732
733 66305.42945393904 0.000733
734 66305.43740243328 0.000734
735 66305.44513839824 0.000735
736 66305.4526624557 0.000736
737 66305.45997381753 0.000737
738 66305.46707098059 0.000738
739 66305.47395530246 0.000739
740 66305.48062757846 0.00074
741 66305.48708716933 0.000741
742 66305.4933353221 0.000742
743 66305.49937486392 0.000743
744 66305.50520144575 0.000744
745 66305.51082467647 0.000745
746 66305.51624314357 0.000746
747 66305.52145663946 0.0007470000000000001
748 66305.52646697202 0.000748
749 66305.53127324516 0.000749
750 66305.53587311396 0.00075
751 66305.54026799931 0.000751
752 66305.54445689556 0.000752
753 66305.54843866875 0.000753
754 66305.55221031785 0.000754
755 66305.55577664197 0.000755
756 66305.55912802744 0.0007560000000000001
757 66305.56226963185 0.000757
758 66305.56520360257 0.000758
759 66305.56793191253 0.000759
760 66305.57045837081 0.00076
761 66305.5727845167 0.000761
762 66305.57491567719 0.000762
763 66305.57686014795 0.000763
764 66305.57862648577 0.000764
765 66305.58022588935 0.0007650000000000001
766 66305.58167522847 0.000766
767 66305.582997583 0.000767
768 66305.5842074204 0.000768
769 66305.58532387983 0.000769
770 66305.58636022678 0.00077
771 66305.587323338 0.000771
772 66305.58821731797 0.000772
773 66305.58903579603 0.000773
774 66305.58977777137 0.0007740000000000001
775 66305.590438347 0.000775
776 66305.59101450705 0.000776
777 66305.59150215705 0.000777
778 66305.59190356529 0.000778
779 66305.5922212919 0.000779
780 66305.59246037193 0.00078
781 66305.59263709314 0.000781
782 66305.59273139882 0.000782
783 66305.59274985966 0.000783
784 66305.59277580884 0.000784
785 66305.59282461044 0.000785
786 66305.59290522171 0.000786
787 66305.59302264056 0.000787
788 66305.59318238879 0.000788
789 66305.59339066403 0.000789
790 66305.5936472733 0.00079
791 66305.59395375793 0.000791
792 66305.59431267943 0.000792
793 66305.59473009015 0.000793
794 66305.59520802747 0.000794
795 66305.59574905297 0.000795
796 66305.5963578299 0.000796
797 66305.59704076 0.000797
798 66305.59779908443 0.000798
799 66305.59863901458 0.000799
800 66305.59956469771 0.0008
801 66305.60057699303 0.000801
802 66305.60168034799 0.000802
803 66305.60287891456 0.000803
804 66305.60417675787 0.000804
805 66305.60557253097 0.0008050000000000001
806 66305.60708226312 0.000806
807 66305.60870342968 0.000807
808 66305.61043880477 0.000808
809 66305.61229362825 0.000809
810 66305.61427220725 0.00081
811 66305.61637238896 0.000811
812 66305.61859790813 0.000812
813 66305.6209505962 0.000813
814 66305.62343076912 0.0008140000000000001
815 66305.62604069857 0.000815
816 66305.62877836671 0.000816
817 66305.63164293037 0.000817
818 66305.63464006784 0.000818
819 66305.63776432005 0.000819
820 66305.64101684447 0.00082
821 66305.64439863811 0.000821
822 66305.64791096184 0.000822
823 66305.65154580174 0.0008230000000000001
824 66305.65526790849 0.000824
825 66305.65909423571 0.000825
826 66305.66306917576 0.000826
827 66305.66719525526 0.000827
828 66305.67146863471 0.000828
829 66305.67588470745 0.000829
830 66305.68044449246 0.00083
831 66305.68513566889 0.000831
832 66305.68995905005 0.0008319999999999999
833 66305.69491492442 0.000833
834 66305.69999323603 0.000834
835 66305.70519516614 0.000835
836 66305.71051660644 0.000836
837 66305.71595517016 0.000837
838 66305.72150054736 0.000838
839 66305.7271610774 0.000839
840 66305.73292588156 0.00084
841 66305.73878981038 0.000841
842 66305.74473394644 0.000842
843 66305.75076322381 0.000843
844 66305.75688959018 0.000844
845 66305.76310881098 0.000845
846 66305.76941816371 0.000846
847 66305.77580824 0.000847
848 66305.78227756127 0.000848
849 66305.7888202289 0.000849
850 66305.7954332486 0.00085
851 66305.80211044943 0.000851
852 66305.80884682242 0.000852
853 66305.8156364004 0.000853
854 66305.82247961609 0.000854
855 66305.82936063129 0.000855
856 66305.83627876577 0.000856
857 66305.84322622079 0.000857
858 66305.85019676796 0.000858
859 66305.85718297424 0.000859
860 66305.86417468298 0.00086
861 66305.87115857966 0.000861
862 66305.87812570219 0.000862
863 66305.88506784147 0.0008630000000000001
864 66305.89197895037 0.000864
865 66305.89885302963 0.000865
866 66305.90568524602 0.000866
867 66305.912470198 0.000867
868 66305.9192101654 0.000868
869 66305.92590499199 0.000869
870 66305.93255059952 0.00087
871 66305.93915956929 0.000871
872 66305.94572944367 0.0008720000000000001
873 66305.95226210426 0.000873
874 66305.95875897598 0.000874
875 66305.965220663 0.000875
876 66305.97164562457 0.000876
877 66305.97803161904 0.000877
878 66305.98437195754 0.000878
879 66305.99066202098 0.000879
880 66305.99689624058 0.00088
881 66306.0030664496 0.0008809999999999999
882 66306.00916624806 0.000882
883 66306.01518937695 0.000883
884 66306.02112640973 0.000884
885 66306.02697119713 0.000885
886 66306.03272257297 0.000886
887 66306.03836806514 0.000887
888 66306.04390388892 0.000888
889 66306.04930181695 0.000889
890 66306.05458423987 0.0008899999999999999
891 66306.05974604173 0.000891
892 66306.06477930082 0.000892
893 66306.06967955975 0.000893
894 66306.07444258333 0.000894
895 66306.07906783868 0.000895
896 66306.08355999901 0.000896
897 66306.08792267639 0.000897
898 66306.09215709798 0.000898
899 66306.09626610638 0.000899
900 66306.10025159044 0.0009
901 66306.10411413372 0.000901
902 66306.10785505429 0.000902
903 66306.11147597063 0.000903
904 66306.11496860129 0.000904
905 66306.11833561298 0.000905
906 66306.12157728302 0.000906
907 66306.12469409259 0.000907
908 66306.12768482047 0.000908
909 66306.13055186032 0.000909
910 66306.13329508396 0.00091
911 66306.13591752737 0.000911
912 66306.13841953657 0.0009120000000000001
913 66306.14080161079 0.000913
914 66306.14306331075 0.000914
915 66306.14520285127 0.000915
916 66306.14722003085 0.000916
917 66306.14911201077 0.000917
918 66306.1508763773 0.000918
919 66306.15251471533 0.000919
920 66306.15402322107 0.00092
921 66306.15540524435 0.0009209999999999999
922 66306.15666752137 0.000922
923 66306.15781730453 0.000923
924 66306.1588637747 0.000924
925 66306.15981445579 0.000925
926 66306.16067583588 0.000926
927 66306.16145270683 0.000927
928 66306.16214637039 0.000928
929 66306.16276024314 0.000929
930 66306.16329103641 0.0009299999999999999
931 66306.16374488173 0.000931
932 66306.16412187522 0.000932
933 66306.16442325681 0.000933
934 66306.16465254231 0.000934
935 66306.16481186416 0.000935
936 66306.16490303625 0.000936
937 66306.16493137172 0.000937
938 66306.16489861067 0.000938
939 66306.16480694697 0.0009389999999999999
940 66306.16466199893 0.00094
941 66306.16446357913 0.000941
942 66306.16421452526 0.000942
943 66306.16391635539 0.000943
944 66306.1635707543 0.000944
945 66306.16317829675 0.000945
946 66306.16273850898 0.000946
947 66306.16225380931 0.000947
948 66306.16172238173 0.0009479999999999999
949 66306.16114995298 0.000949
950 66306.16053563778 0.00095
951 66306.15988537692 0.000951
952 66306.15920752047 0.000952
953 66306.15851100616 0.000953
954 66306.15780437877 0.000954
955 66306.15709783767 0.000955
956 66306.15640030777 0.000956
957 66306.15572271032 0.000957
958 66306.1550715801 0.000958
959 66306.1544552032 0.000959
960 66306.15387863913 0.00096
961 66306.15334444991 0.000961
962 66306.15285636227 0.000962
963 66306.15241720175 0.000963
964 66306.15202847317 0.000964
965 66306.15169190442 0.000965
966 66306.15140871721 0.000966
967 66306.15117970735 0.000967
968 66306.1510075085 0.000968
969 66306.15089577595 0.000969
970 66306.15084451696 0.0009699999999999999
971 66306.15085566115 0.000971
972 66306.15093084461 0.000972
973 66306.15107164215 0.000973
974 66306.15128107168 0.000974
975 66306.15156096042 0.000975
976 66306.15191012707 0.000976
977 66306.15233335028 0.000977
978 66306.15282684729 0.0009779999999999999
979 66306.15339518823 0.0009789999999999998
980 66306.15404020371 0.00098
981 66306.15476141652 0.0009809999999999999
982 66306.1555607762 0.000982
983 66306.15643818468 0.0009829999999999999
984 66306.1573953335 0.0009839999999999998
985 66306.15843311466 0.000985
986 66306.15955034239 0.0009859999999999999
987 66306.16074955201 0.000987
988 66306.16202865157 0.0009879999999999999
989 66306.16338836383 0.0009889999999999999
990 66306.16483036027 0.00099
991 66306.16635565257 0.0009909999999999999
992 66306.16796148538 0.000992
993 66306.16964829517 0.000993
994 66306.17141830908 0.0009939999999999999
995 66306.17327009846 0.000995
996 66306.17520437612 0.0009959999999999999
997 66306.17721745132 0.0009969999999999998
998 66306.17931573461 0.000998
999 66306.18149438253 0.0009989999999999999
1000 66306.18375265715 0.001
1001 66306.18608693602 0.001001
1002 66306.18849586343 0.001002
1003 66306.1909825091 0.001003
1004 66306.19354461583 0.001004
1005 66306.19618099368 0.001005
1006 66306.19889142824 0.001006
1007 66306.20167377075 0.001007
1008 66306.20452414596 0.001008
1009 66306.20744612945 0.001009
1010 66306.21042588138 0.00101
1011 66306.21346305679 0.001011
1012 66306.21656509099 0.001012
1013 66306.21972912663 0.001013
1014 66306.22295135564 0.001014
1015 66306.22622757871 0.001015
1016 66306.22955287879 0.001016
1017 66306.23292421612 0.001017
1018 66306.23633784104 0.001018
1019 66306.23979379069 0.001019
1020 66306.24328259336 0.00102
1021 66306.24680249886 0.001021
1022 66306.25035286002 0.001022
1023 66306.25392798906 0.001023
1024 66306.25752381339 0.001024
1025 66306.26113441848 0.001025
1026 66306.26475361046 0.001026
1027 66306.2683780744 0.001027
1028 66306.27200058417 0.001028
1029 66306.27561611026 0.001029
1030 66306.27922217644 0.00103
1031 66306.28280950572 0.001031
1032 66306.2863798403 0.001032
1033 66306.28993305462 0.001033
1034 66306.29346889694 0.001034
1035 66306.29698799619 0.001035
1036 66306.30049075955 0.001036
1037 66306.30397892444 0.001037
1038 66306.30745372218 0.001038
1039 66306.31091670417 0.001039
1040 66306.31436398438 0.00104
1041 66306.31779543613 0.001041
1042 66306.32120456576 0.001042
1043 66306.32459440705 0.001043
1044 66306.32795775411 0.001044
1045 66306.33129206632 0.001045
1046 66306.33459123831 0.001046
1047 66306.33785365803 0.001047
1048 66306.34107460128 0.001048
1049 66306.34425050169 0.001049
1050 66306.34737594066 0.00105
1051 66306.35044901948 0.001051
1052 66306.35346701038 0.001052
1053 66306.3564259823 0.001053
1054 66306.35932422646 0.001054
1055 66306.36215925407 0.001055
1056 66306.36492522465 0.001056
1057 66306.36761286542 0.001057
1058 66306.37023439813 0.001058
1059 66306.3727866994 0.001059
1060 66306.37526918331 0.00106
1061 66306.37767943519 0.001061
1062 66306.3800164204 0.001062
1063 66306.38227801713 0.001063
1064 66306.38446139207 0.001064
1065 66306.38656636032 0.001065
1066 66306.38859589105 0.001066
1067 66306.39054218723 0.001067
1068 66306.39240903755 0.001068
1069 66306.39419606717 0.001069
1070 66306.39590505276 0.00107
1071 66306.39753492721 0.001071
1072 66306.39908536285 0.001072
1073 66306.40055666011 0.001073
1074 66306.40195097926 0.001074
1075 66306.40326794989 0.001075
1076 66306.4045068698 0.001076
1077 66306.40566895861 0.001077
1078 66306.40675603852 0.001078
1079 66306.40776872559 0.001079
1080 66306.4087056593 0.00108
1081 66306.40956934085 0.001081
1082 66306.41036019598 0.001082
1083 66306.4110797879 0.001083
1084 66306.4117287085 0.001084
1085 66306.41230753317 0.001085
1086 66306.41281786615 0.001086
1087 66306.41326066127 0.001087
1088 66306.41363573686 0.001088
1089 66306.41394573875 0.001089
1090 66306.41419134951 0.00109
1091 66306.41437271035 0.001091
1092 66306.41449180515 0.001092
1093 66306.41454756944 0.001093
1094 66306.4145459437 0.001094
1095 66306.41448764867 0.001095
1096 66306.41437310555 0.001096
1097 66306.41420290334 0.001097
1098 66306.4139800001 0.001098
1099 66306.41370593366 0.001099
1100 66306.41338338892 0.0011
1101 66306.41301417546 0.001101
1102 66306.41260025786 0.001102
1103 66306.41214353964 0.001103
1104 66306.41164670355 0.001104
1105 66306.41111093508 0.001105
1106 66306.41053835987 0.001106
1107 66306.40992912746 0.001107
1108 66306.40929015649 0.001108
1109 66306.40862114426 0.001109
1110 66306.40792517763 0.00111
1111 66306.40720527968 0.001111
1112 66306.40646409808 0.001112
1113 66306.40570336251 0.001113
1114 66306.40492584123 0.001114
1115 66306.40413367208 0.001115
1116 66306.40332810316 0.001116
1117 66306.40251167014 0.001117
1118 66306.40168572796 0.001118
1119 66306.40084936895 0.001119
1120 66306.40000257286 0.00112
1121 66306.3991471161 0.001121
1122 66306.39828549809 0.001122
1123 66306.39741384328 0.001123
1124 66306.39653784808 0.001124
1125 66306.39566049169 0.001125
1126 66306.3947864923 0.001126
1127 66306.39392080113 0.001127
1128 66306.39306979142 0.001128
1129 66306.39223835967 0.001129
1130 66306.39143201946 0.00113
1131 66306.39065411787 0.001131
1132 66306.38990921974 0.001132
1133 66306.38920013388 0.001133
1134 66306.38852743302 0.001134
1135 66306.38789340816 0.001135
1136 66306.38729934725 0.001136
1137 66306.38674511395 0.001137
1138 66306.38623164895 0.001138
1139 66306.38575984069 0.001139
1140 66306.38532969376 0.00114
1141 66306.38494316247 0.001141
1142 66306.38460080986 0.001142
1143 66306.38430450148 0.001143
1144 66306.3840533544 0.001144
1145 66306.38384990284 0.001145
1146 66306.38369502152 0.001146
1147 66306.38358915923 0.001147
1148 66306.38353211539 0.001148
1149 66306.38352419574 0.001149
1150 66306.38356564066 0.00115
1151 66306.38365683852 0.001151
1152 66306.38379848847 0.001152
1153 66306.38399065706 0.001153
1154 66306.38423464324 0.001154
1155 66306.38453011507 0.001155
1156 66306.385244216 0.001156
1157 66306.38573731767 0.001157
1158 66306.38624415807 0.001158
1159 66306.3867983071 0.001159
1160 66306.38739651169 0.00116
1161 66306.38804382682 0.001161
1162 66306.38873794663 0.001162
1163 66306.38948060274 0.001163
1164 66306.39027337577 0.001164
1165 66306.39111809795 0.001165
1166 66306.39201440365 0.001166
1167 66306.39296300504 0.001167
1168 66306.39396374614 0.001168
1169 66306.39501611041 0.001169
1170 66306.39611912231 0.00117
1171 66306.3972730649 0.001171
1172 66306.3984767502 0.001172
1173 66306.3997295227 0.001173
1174 66306.40102556512 0.001174
1175 66306.40235926291 0.001175
1176 66306.40373863101 0.001176
1177 66306.40516227981 0.001177
1178 66306.40662618993 0.001178
1179 66306.40812764014 0.001179
1180 66306.40966444125 0.00118
1181 66306.41123288803 0.001181
1182 66306.41283126616 0.001182
1183 66306.41445692974 0.001183
1184 66306.41610790917 0.001184
1185 66306.41778081399 0.001185
1186 66306.41947317298 0.001186
1187 66306.42118052355 0.001187
1188 66306.42290031162 0.001188
1189 66306.42462960249 0.001189
1190 66306.42636715542 0.00119
1191 66306.42810993768 0.001191
1192 66306.42985797193 0.001192
1193 66306.43161042155 0.001193
1194 66306.43336779547 0.001194
1195 66306.43513055803 0.001195
1196 66306.43689975412 0.001196
1197 66306.43867573625 0.001197
1198 66306.44046072796 0.001198
1199 66306.4422528599 0.001199
1200 66306.44405262664 0.0012
1201 66306.44585557522 0.001201
1202 66306.44766212664 0.001202
1203 66306.44946908813 0.001203
1204 66306.4512738 0.001204
1205 66306.45307355994 0.001205
1206 66306.45486586174 0.001206
1207 66306.4566471765 0.001207
1208 66306.45841528598 0.001208
1209 66306.46016796045 0.001209
1210 66306.46190276058 0.00121
1211 66306.46361702052 0.001211
1212 66306.46530931894 0.001212
1213 66306.46697803581 0.001213
1214 66306.46862063318 0.001214
1215 66306.47023596283 0.001215
1216 66306.47182238083 0.001216
1217 66306.47337626498 0.001217
1218 66306.47489726686 0.001218
1219 66306.47638249458 0.001219
1220 66306.47783114479 0.00122
1221 66306.47924229827 0.001221
1222 66306.48061469234 0.001222
1223 66306.48194721078 0.001223
1224 66306.48323952542 0.001224
1225 66306.48449055158 0.001225
1226 66306.48570022934 0.001226
1227 66306.48685480906 0.001227
1228 66306.48796985042 0.001228
1229 66306.48904321555 0.001229
1230 66306.49007398418 0.00123
1231 66306.49106161231 0.001231
1232 66306.49200425329 0.001232
1233 66306.49290224082 0.001233
1234 66306.49375463392 0.001234
1235 66306.49456055349 0.001235
1236 66306.49532008293 0.001236
1237 66306.49603252087 0.001237
1238 66306.49669731883 0.001238
1239 66306.49731410177 0.001239
1240 66306.49788325884 0.00124
1241 66306.4984040945 0.001241
1242 66306.49887770679 0.001242
1243 66306.49930269162 0.001243
1244 66306.49967903239 0.001244
1245 66306.50000732312 0.001245
1246 66306.500289068 0.001246
1247 66306.50052351716 0.001247
1248 66306.50071070988 0.001248
1249 66306.50085061284 0.001249
1250 66306.50094391103 0.00125
1251 66306.50099022621 0.001251
1252 66306.50099118271 0.001252
1253 66306.50094735769 0.001253
1254 66306.50085819724 0.001254
1255 66306.50072643558 0.001255
1256 66306.50055255776 0.001256
1257 66306.50033695842 0.001257
1258 66306.50008064086 0.001258
1259 66306.49978425396 0.001259
1260 66306.4994494979 0.00126
1261 66306.49907728068 0.001261
1262 66306.49866802768 0.001262
1263 66306.49822444181 0.001263
1264 66306.49774644585 0.001264
1265 66306.49723652477 0.001265
1266 66306.49669650155 0.001266
1267 66306.49612740913 0.001267
1268 66306.49553053986 0.001268
1269 66306.49490700531 0.001269
1270 66306.49425832166 0.00127
1271 66306.49358629397 0.001271
1272 66306.49289219829 0.001272
1273 66306.49218060874 0.001273
1274 66306.49144690071 0.001274
1275 66306.49069590954 0.001275
1276 66306.48992999543 0.001276
1277 66306.48914926643 0.001277
1278 66306.48835586228 0.001278
1279 66306.48755085918 0.001279
1280 66306.48673556575 0.00128
1281 66306.48591114239 0.001281
1282 66306.48507942942 0.001282
1283 66306.48424155396 0.001283
1284 66306.48339967095 0.001284
1285 66306.48255472994 0.001285
1286 66306.48170729339 0.001286
1287 66306.48085954404 0.001287
1288 66306.48001283227 0.001288
1289 66306.47916877412 0.001289
1290 66306.47832888611 0.00129
1291 66306.47749471031 0.001291
1292 66306.4766687079 0.001292
1293 66306.4758505192 0.001293
1294 66306.47504219925 0.001294
1295 66306.47424363351 0.001295
1296 66306.47345675773 0.001296
1297 66306.4726809368 0.001297
1298 66306.47191725989 0.001298
1299 66306.47116669932 0.001299
1300 66306.47042689714 0.0013
1301 66306.46970134752 0.001301
1302 66306.46899150245 0.001302
1303 66306.46829950841 0.001303
1304 66306.46762736248 0.001304
1305 66306.46697888599 0.001305
1306 66306.46635627263 0.001306
1307 66306.46576176553 0.001307
1308 66306.46519736206 0.001308
1309 66306.46466469225 0.001309
1310 66306.46416425833 0.00131
1311 66306.46369723286 0.001311
1312 66306.46326418714 0.001312
1313 66306.46286502879 0.001313
1314 66306.46249998295 0.001314
1315 66306.46216852 0.001315
1316 66306.46187048563 0.001316
1317 66306.46160565765 0.001317
1318 66306.46137410458 0.001318
1319 66306.46117618265 0.001319
1320 66306.4610101947 0.00132
1321 66306.46087715501 0.001321
1322 66306.46077702945 0.001322
1323 66306.46070907036 0.001323
1324 66306.46067306638 0.001324
1325 66306.46066962897 0.001325
1326 66306.46069792875 0.001326
1327 66306.46075772024 0.001327
1328 66306.46084994168 0.001328
1329 66306.46097341516 0.001329
1330 66306.4611284484 0.00133
1331 66306.46131516973 0.001331
1332 66306.46153334767 0.001332
1333 66306.46178315461 0.001333
1334 66306.46206384334 0.001334
1335 66306.46237535072 0.001335
1336 66306.4627108555 0.001336
1337 66306.46307603212 0.001337
1338 66306.46347323767 0.001338
1339 66306.46390133657 0.001339
1340 66306.46435879225 0.00134
1341 66306.46484365629 0.001341
1342 66306.46535442141 0.001342
1343 66306.46588897142 0.001343
1344 66306.46644547065 0.001344
1345 66306.46702194963 0.001345
1346 66306.46761710546 0.001346
1347 66306.4682290545 0.001347
1348 66306.46885746853 0.001348
1349 66306.46950198022 0.001349
1350 66306.47016277956 0.00135
1351 66306.470840069 0.001351
1352 66306.47153492863 0.001352
1353 66306.47224795602 0.001353
1354 66306.47297797634 0.001354
1355 66306.4737263485 0.001355
1356 66306.47449177237 0.001356
1357 66306.47527337738 0.001357
1358 66306.47607094776 0.001358
1359 66306.47688328775 0.001359
1360 66306.47770835743 0.00136
1361 66306.47854450085 0.001361
1362 66306.47939060553 0.001362
1363 66306.48024378452 0.001363
1364 66306.48110435336 0.001364
1365 66306.48196956814 0.001365
1366 66306.48283717979 0.001366
1367 66306.48370884407 0.001367
1368 66306.48458150806 0.001368
1369 66306.4854541997 0.001369
1370 66306.48632540232 0.00137
1371 66306.48719391496 0.001371
1372 66306.48805862566 0.001372
1373 66306.4889177693 0.001373
1374 66306.48977055014 0.001374
1375 66306.49061588674 0.001375
1376 66306.49145226524 0.001376
1377 66306.49227897257 0.001377
1378 66306.49309551639 0.001378
1379 66306.49389986046 0.001379
1380 66306.4946914148 0.00138
1381 66306.49547078877 0.001381
1382 66306.49623447907 0.001382
1383 66306.49698359107 0.001383
1384 66306.49771620342 0.001384
1385 66306.49843161243 0.001385
1386 66306.49912922406 0.001386
1387 66306.49980808994 0.001387
1388 66306.50046733125 0.001388
1389 66306.50110587091 0.001389
1390 66306.50172256859 0.00139
1391 66306.50231673844 0.001391
1392 66306.50288497974 0.001392
1393 66306.50343194512 0.001393
1394 66306.50395414999 0.001394
1395 66306.50445139238 0.001395
1396 66306.50492278489 0.001396
1397 66306.50536772782 0.001397
1398 66306.50578632917 0.001398
1399 66306.50617710495 0.001399
1400 66306.50654092088 0.0014
1401 66306.50687587383 0.001401
1402 66306.50718072518 0.001402
1403 66306.50745147812 0.001403
1404 66306.50769407315 0.001404
1405 66306.50790933106 0.001405
1406 66306.50809582225 0.001406
1407 66306.50825318218 0.001407
1408 66306.50838091559 0.001408
1409 66306.50847852795 0.001409
1410 66306.50854565394 0.00141
1411 66306.50858183762 0.001411
1412 66306.50858790701 0.001412
1413 66306.50856330752 0.001413
1414 66306.50850919423 0.001414
1415 66306.50842528424 0.001415
1416 66306.50831209461 0.001416
1417 66306.50817014406 0.001417
1418 66306.50799965848 0.001418
1419 66306.5078011124 0.001419
1420 66306.50757474241 0.00142
1421 66306.50732151262 0.001421
1422 66306.50704061362 0.001422
1423 66306.50673290939 0.001423
1424 66306.50639863062 0.001424
1425 66306.5060392109 0.001425
1426 66306.50565475278 0.001426
1427 66306.50524568031 0.001427
1428 66306.50481175054 0.001428
1429 66306.50435598688 0.001429
1430 66306.50387689729 0.00143
1431 66306.50337432773 0.001431
1432 66306.50285288214 0.001432
1433 66306.50231141674 0.001433
1434 66306.50175078122 0.001434
1435 66306.50117157277 0.001435
1436 66306.50057537414 0.001436
1437 66306.49996221761 0.001437
1438 66306.49933337534 0.001438
1439 66306.49869128557 0.001439
1440 66306.49803513274 0.00144
1441 66306.49736710732 0.001441
1442 66306.49668792312 0.001442
1443 66306.49599870086 0.001443
1444 66306.49529980817 0.001444
1445 66306.4945922513 0.001445
1446 66306.49387705704 0.001446
1447 66306.49315534045 0.001447
1448 66306.49242780734 0.001448
1449 66306.49169519999 0.001449
1450 66306.49095921905 0.00145
1451 66306.49022002857 0.001451
1452 66306.48948053701 0.001452
1453 66306.48873871593 0.001453
1454 66306.487995954 0.001454
1455 66306.48725445727 0.001455
1456 66306.48651460429 0.001456
1457 66306.48577703176 0.001457
1458 66306.48504248982 0.001458
1459 66306.48431182148 0.001459
1460 66306.483586128 0.00146
1461 66306.48286606195 0.001461
1462 66306.4821525122 0.001462
1463 66306.48144637235 0.001463
1464 66306.48074860386 0.001464
1465 66306.48006000463 0.001465
1466 66306.47938060082 0.001466
1467 66306.47871163944 0.001467
1468 66306.47805347454 0.001468
1469 66306.47740742349 0.001469
1470 66306.47677428115 0.00147
1471 66306.47615514552 0.001471
1472 66306.47555076239 0.001472
1473 66306.47496135817 0.001473
1474 66306.47438845484 0.001474
1475 66306.47383201147 0.001475
