"m-rfile"
"Time Step" "m etc.."
("Time Step" "m" "flow-time")
0 -3.650036172668199 0
1 -543.1098491590388 1e-06
2 -575.0578693144294 2e-06
3 -577.0703044088838 3e-06
4 -559.3016373877855 4e-06
5 -486.2106753283771 5e-06
6 -431.7984315961759 6e-06
7 -480.2176804004982 7e-06
8 -509.9630144852044 8e-06
9 -508.6344568552989 9e-06
10 -514.2255667923794 9.999999999999999e-06
11 -505.3776913925864 1.1e-05
12 -502.5896944874547 1.2e-05
13 -501.0415071690622 1.3e-05
14 -494.6275152646314 1.4e-05
15 -497.6430480668236 1.5e-05
16 -493.0103404664333 1.6e-05
17 -496.4992581683054 1.7e-05
18 -503.9599404414652 1.8e-05
19 -506.3248593492061 1.9e-05
20 -505.1118281521505 2e-05
21 -498.4702277817399 2.1e-05
22 -501.5809542610823 2.2e-05
23 -498.3364550479475 2.3e-05
24 -496.6769730608428 2.4e-05
25 -497.646443934541 2.5e-05
26 -499.7413618967998 2.6e-05
27 -501.2769425366939 2.7e-05
28 -502.1620334791034 2.8e-05
29 -502.4107952320124 2.9e-05
30 -502.2744631596779 3e-05
31 -499.4195562599508 3.1e-05
32 -498.4943791617739 3.2e-05
33 -500.3418126561939 3.3e-05
34 -500.8069940213657 3.4e-05
35 -500.2589490327323 3.5e-05
36 -499.5675941941981 3.6e-05
37 -499.4906017938078 3.7e-05
38 -498.0674049802493 3.8e-05
39 -499.8225752003215 3.9e-05
40 -503.1239287860398 4e-05
41 -504.80360088708 4.1e-05
42 -504.4615259703002 4.2e-05
43 -503.5224302432005 4.299999999999999e-05
44 -503.0445884709047 4.4e-05
45 -502.8642159927863 4.5e-05
46 -502.3505415403839 4.6e-05
47 -499.7376363101494 4.7e-05
48 -497.5666312777013 4.8e-05
49 -497.8360680597514 4.9e-05
50 -498.2401717659652 5e-05
51 -498.2875250869086 5.1e-05
52 -498.3045822478184 5.2e-05
53 -497.8814229886115 5.3e-05
54 -497.3646163240752 5.4e-05
55 -497.2627107556213 5.5e-05
56 -497.5851301848674 5.6e-05
57 -498.2060804605309 5.7e-05
58 -498.8532049412324 5.8e-05
59 -499.4145405051906 5.9e-05
60 -499.9526289718119 5.999999999999999e-05
61 -500.6017754234643 6.1e-05
62 -501.2006263290905 6.2e-05
63 -501.6714336782835 6.3e-05
64 -501.9993048922641 6.4e-05
65 -502.1347580782029 6.499999999999999e-05
66 -502.2025633367974 6.599999999999999e-05
67 -502.3028752443927 6.7e-05
68 -502.3623890510053 6.8e-05
69 -502.3242730857326 6.9e-05
70 -502.2253660246832 6.999999999999999e-05
71 -502.1690633353763 7.099999999999999e-05
72 -502.2073366302187 7.2e-05
73 -497.0074718860036 7.3e-05
74 -497.7332200038186 7.4e-05
75 -501.4438038568102 7.499999999999999e-05
76 -504.1593704769077 7.599999999999999e-05
77 -504.1922216760796 7.7e-05
78 -503.6541783452101 7.8e-05
79 -503.5594405902823 7.9e-05
80 -503.7521089879507 7.999999999999999e-05
81 -504.1091940577912 8.099999999999999e-05
82 -504.4584130840408 8.2e-05
83 -504.7748616763195 8.3e-05
84 -505.1080220041547 8.4e-05
85 -505.3876042090133 8.499999999999999e-05
86 -505.5552652529393 8.599999999999999e-05
87 -505.6755202753695 8.7e-05
88 -505.7953058308743 8.8e-05
89 -505.8925546888313 8.899999999999999e-05
90 -505.9551360673817 8.999999999999999e-05
91 -505.9771484268343 9.099999999999999e-05
92 -505.9840837639628 9.2e-05
93 -506.0196545245989 9.3e-05
94 -506.1072665565835 9.399999999999999e-05
95 -506.23523502649 9.499999999999999e-05
96 -506.381286745966 9.6e-05
97 -506.5188681799726 9.7e-05
98 -506.6778851445321 9.8e-05
99 -506.8226649583465 9.899999999999999e-05
100 -506.9211163022829 9.999999999999999e-05
101 -506.9566709685032 0.000101
102 -506.938636123851 0.000102
103 -506.8980791860101 0.000103
104 -506.8673787244403 0.000104
105 -506.8601006178008 0.000105
106 -506.8705937653698 0.000106
107 -506.8891016206242 0.000107
108 -506.91229638772 0.000108
109 -506.9428415676985 0.000109
110 -506.9821585724917 0.00011
111 -507.0243711067503 0.000111
112 -507.0592971557481 0.000112
113 -507.0788583974999 0.000113
114 -507.0815421155424 0.000114
115 -507.0725949710426 0.000115
116 -507.0603132828346 0.000116
117 -507.0518586901651 0.000117
118 -507.0506273527753 0.000118
119 -507.0562660368603 0.000119
120 -507.065302783414 0.00012
121 -507.0740994809179 0.000121
122 -507.0802317622995 0.000122
123 -507.0829684918152 0.000123
124 -507.0829675026575 0.000124
125 -507.0814328908778 0.000125
126 -507.0794344285644 0.000126
127 -507.0775331998449 0.000127
128 -507.0761683635714 0.000128
129 -507.0756385798072 0.000129
130 -507.0760926679567 0.00013
131 -507.0774910962095 0.000131
132 -507.0795212272964 0.000132
133 -507.081672317809 0.000133
134 -507.083468009149 0.000134
135 -507.0844749674349 0.000135
136 -507.0845173627321 0.000136
137 -507.0837383433536 0.000137
138 -507.0824046678969 0.000138
139 -507.0810593619528 0.000139
140 -507.0806811341473 0.00014
141 -507.0827208865627 0.000141
142 -507.0985825533148 0.000142
143 -507.1054486701084 0.000143
144 -507.1142257468433 0.000144
145 -507.1277812055557 0.000145
146 -507.1386189160323 0.000146
147 -507.1436885762892 0.000147
148 -507.1449515310545 0.000148
149 -507.1444404382585 0.000149
150 -507.143136278383 0.00015
151 -507.1413366700914 0.000151
152 -507.1391606083585 0.000152
153 -507.1368099666932 0.000153
154 -507.134547094868 0.000154
155 -507.1325766980696 0.000155
156 -507.1310233168522 0.000156
157 -507.1302164221262 0.000157
158 -507.1308597036444 0.000158
159 -507.1329371769298 0.000159
160 -507.1346864981084 0.00016
161 -507.133636928543 0.000161
162 -507.127714218441 0.000162
163 -507.1151944540272 0.000163
164 -507.0955655429327 0.000164
165 -507.071378360802 0.000165
166 -507.0478334736498 0.000166
167 -507.032738772214 0.000167
168 -507.0330716957816 0.000168
169 -507.0498098283476 0.000169
170 -507.0810516640742 0.00017
171 -507.1434052096965 0.000171
172 -507.1949668861487 0.000172
173 -507.2355225636659 0.000173
174 -507.2663092211771 0.000174
175 -507.3379822229465 0.000175
176 -507.3835497229252 0.000176
177 -507.4354854805976 0.000177
178 -507.4742102936169 0.000178
179 -507.522168959665 0.000179
180 -507.532073034316 0.00018
181 -507.4834135259285 0.000181
182 -507.3921615016009 0.000182
183 -507.2415844329034 0.000183
184 -507.0126313591022 0.000184
185 -506.7224904850487 0.000185
186 -506.3981766370225 0.000186
187 -506.0554955710491 0.000187
188 -505.7044645385182 0.000188
189 -505.3614920526522 0.000189
190 -505.0536672976068 0.00019
191 -504.7997428493026 0.000191
192 -504.6033940757249 0.000192
193 -504.4638745052538 0.000193
194 -504.3716549963935 0.000194
195 -504.3068993211651 0.000195
196 -504.253137875251 0.000196
197 -504.1935362348791 0.000197
198 -504.1266711128092 0.000198
199 -504.0463199189629 0.000199
200 -503.9591966585716 0.0002
201 -503.8829714310203 0.000201
202 -503.8184209984659 0.000202
203 -503.7627130000548 0.000203
204 -503.7161229513416 0.000204
205 -503.6788371337105 0.000205
206 -503.6472272959165 0.000206
207 -503.6211202090637 0.000207
208 -503.6009963649076 0.000208
209 -503.5861000680604 0.000209
210 -503.5758401404414 0.00021
211 -503.5673446382529 0.000211
212 -503.5595749122454 0.000212
213 -503.5533522691301 0.000213
214 -503.5484241648322 0.000214
215 -503.5455346345161 0.000215
216 -503.54507348676 0.000216
217 -503.5466633543639 0.000217
218 -503.5501794798037 0.000218
219 -503.5553601426437 0.000219
220 -503.5602386387928 0.00022
221 -503.5655737569311 0.000221
222 -503.571156052223 0.000222
223 -503.5767612933432 0.000223
224 -503.580531638699 0.000224
225 -503.5841232021036 0.000225
226 -503.5875603291243 0.000226
227 -503.5908084636081 0.000227
228 -503.5938364780733 0.000228
229 -503.5966189778545 0.000229
230 -503.5979407578994 0.00023
231 -503.5991675347711 0.000231
232 -503.6003173828609 0.000232
233 -503.6013915210698 0.000233
234 -503.6023894606142 0.000234
235 -503.6033084814208 0.000235
236 -503.6041476294469 0.000236
237 -503.6049052814001 0.000237
238 -503.6055792908991 0.000238
239 -503.6061678974341 0.000239
240 -503.6066693755075 0.00024
241 -503.6070826103001 0.000241
242 -503.6074060073012 0.000242
243 -503.6076395663923 0.000243
244 -503.6077831064309 0.000244
245 -503.6078371769914 0.000245
246 -503.6078028822372 0.000246
247 -503.6076818179445 0.000247
248 -503.6074760016756 0.000248
249 -503.6071902303996 0.000249
250 -503.6068311927745 0.00025
251 -503.6063983350924 0.000251
252 -503.6058935673444 0.000252
253 -503.6053201534322 0.000253
254 -503.6046822350546 0.000254
255 -503.603984523654 0.000255
256 -503.6032319986204 0.000256
257 -503.6024299675753 0.000257
258 -503.601583368286 0.000258
259 -503.600697098622 0.000259
260 -503.5997762279541 0.00026
261 -503.5988255335243 0.000261
262 -503.5978493029473 0.000262
263 -503.5968516545241 0.000263
264 -503.5958365469298 0.000264
265 -503.59480724226 0.000265
266 -503.5937663684945 0.000266
267 -503.5927166040607 0.000267
268 -503.5916597873817 0.000268
269 -503.5905959639184 0.000269
270 -503.5895292939281 0.00027
271 -503.5884611888415 0.000271
272 -503.5873920100098 0.000272
273 -503.5863226867389 0.000273
274 -503.5852527408397 0.000274
275 -503.5841826794928 0.000275
276 -503.5831128687774 0.000276
277 -503.5820431073568 0.000277
278 -503.5809741154374 0.000278
279 -503.5799059718605 0.000279
280 -503.5788390065531 0.00028
281 -503.5777734354432 0.000281
282 -503.5767093654327 0.000282
283 -503.5756464909392 0.000283
284 -503.5745840234966 0.000284
285 -503.5735215931605 0.000285
286 -503.5724582017854 0.000286
287 -503.5713927672405 0.000287
288 -503.5703238244603 0.000288
289 -503.5682609121297 0.000289
290 -503.5661147098838 0.00029
291 -503.5649787395059 0.000291
292 -503.5638653816061 0.000292
293 -503.5627433387003 0.000293
294 -503.5616123011294 0.000294
295 -503.5604716317726 0.000295
296 -503.5593210315311 0.000296
297 -503.558160327387 0.000297
298 -503.5569896038591 0.000298
299 -503.5558086448747 0.000299
300 -503.5546173863173 0.0003
301 -503.5534159702433 0.000301
302 -503.5522050678884 0.000302
303 -503.5509850660178 0.000303
304 -503.5497559736188 0.000304
305 -503.5485189597866 0.000305
306 -503.54727485579 0.000306
307 -503.5460241322137 0.000307
308 -503.5447677161509 0.000308
309 -503.5435061382744 0.000309
310 -503.5422404422348 0.00031
311 -503.5409711638931 0.000311
312 -503.5396993670638 0.000312
313 -503.5384256512136 0.000313
314 -503.5371507362143 0.000314
315 -503.5358753298556 0.000315
316 -503.5346002837444 0.000316
317 -503.5333259378538 0.000317
318 -503.5320532519848 0.000318
319 -503.5307823531889 0.000319
320 -503.5295140712694 0.00032
321 -503.5282486937036 0.000321
322 -503.5269866020759 0.000322
323 -503.5257285367317 0.000323
324 -503.5244747185321 0.000324
325 -503.5232258174455 0.000325
326 -503.5219823428901 0.000326
327 -503.5207446361441 0.000327
328 -503.5195131866237 0.000328
329 -503.5182884592966 0.000329
330 -503.5170710339009 0.00033
331 -503.5158611370977 0.000331
332 -503.5146591682774 0.000332
333 -503.5134648523637 0.000333
334 -503.5122791627116 0.000334
335 -503.511102238014 0.000335
336 -503.5099344781343 0.000336
337 -503.5087760221032 0.000337
338 -503.5076271148696 0.000338
339 -503.5064878957472 0.000339
340 -503.5053586659247 0.00034
341 -503.504239334448 0.000341
342 -503.5031303512795 0.000342
343 -503.5020316663521 0.000343
344 -503.5009435367722 0.000344
345 -503.4998645136367 0.000345
346 -503.4987963866293 0.000346
347 -503.4977402068594 0.000347
348 -503.4966957344282 0.000348
349 -503.4956629945473 0.000349
350 -503.4946418597407 0.0003499999999999999
351 -503.4936323039832 0.000351
352 -503.4926345991121 0.000352
353 -503.4916485462778 0.000353
354 -503.4906744823459 0.000354
355 -503.489712223762 0.000355
356 -503.4887620227813 0.000356
357 -503.4878238302368 0.0003569999999999999
358 -503.4868978305835 0.000358
359 -503.4859839582364 0.0003589999999999999
360 -503.4850824361013 0.00036
361 -503.4841933633035 0.000361
362 -503.4833174221136 0.000362
363 -503.4824541222625 0.000363
364 -503.4816038386063 0.000364
365 -503.4807666243899 0.000365
366 -503.4799426716368 0.000366
367 -503.4791319450429 0.000367
368 -503.4783345815711 0.0003679999999999999
369 -503.4775502651435 0.000369
370 -503.4767790155923 0.00037
371 -503.4760204378741 0.000371
372 -503.4752742734228 0.000372
373 -503.4745401393682 0.000373
374 -503.4738178307298 0.000374
375 -503.473107274904 0.000375
376 -503.47240835515 0.000376
377 -503.4717213459645 0.0003769999999999999
378 -503.47104659762 0.000378
379 -503.4703843593767 0.0003789999999999999
380 -503.4697347671855 0.00038
381 -503.4690980689953 0.000381
382 -503.4684743831012 0.000382
383 -503.4678636127773 0.000383
384 -503.4672657384913 0.000384
385 -503.4666807905316 0.000385
386 -503.4661084176189 0.0003859999999999999
387 -503.4655488104609 0.000387
388 -503.4650017665876 0.0003879999999999999
389 -503.464467289351 0.000389
390 -503.4639453337496 0.00039
391 -503.4634357580568 0.000391
392 -503.4629384145793 0.000392
393 -503.4624531759827 0.000393
394 -503.4619796192484 0.000394
395 -503.4615174054058 0.000395
396 -503.4610657878216 0.000396
397 -503.4606250891626 0.0003969999999999999
398 -503.460194974335 0.000398
399 -503.4597750031887 0.0003989999999999999
400 -503.459364856841 0.0004
401 -503.4589642105727 0.000401
402 -503.4585727947887 0.000402
403 -503.4581903261018 0.000403
404 -503.4578160505206 0.000404
405 -503.4574501124091 0.000405
406 -503.4570924543273 0.0004059999999999999
407 -503.4567426178146 0.000407
408 -503.4564003984802 0.0004079999999999999
409 -503.4560656313561 0.000409
410 -503.4557381471789 0.00041
411 -503.455417441391 0.000411
412 -503.4551035397117 0.000412
413 -503.4547963312971 0.000413
414 -503.4544957947906 0.000414
415 -503.4542018001945 0.000415
416 -503.4539138719053 0.000416
417 -503.4536317869106 0.0004169999999999999
418 -503.4533554619436 0.000418
419 -503.45308430515 0.0004189999999999999
420 -503.4528179178396 0.00042
421 -503.4525563057508 0.000421
422 -503.4522990911623 0.000422
423 -503.4520458329632 0.000423
424 -503.4517962693624 0.000424
425 -503.4515499350071 0.000425
426 -503.4513066991946 0.0004259999999999999
427 -503.4510662153686 0.000427
428 -503.4508283114847 0.0004279999999999999
429 -503.4505925960101 0.000429
430 -503.450358791536 0.00043
431 -503.4501267185852 0.000431
432 -503.4498959389021 0.000432
433 -503.449666370783 0.000433
434 -503.4494375530101 0.000434
435 -503.4492094807699 0.0004349999999999999
436 -503.4489816667765 0.000436
437 -503.4487532450765 0.0004369999999999999
438 -503.4485238647276 0.000438
439 -503.4482946394735 0.000439
440 -503.4480653552805 0.00044
441 -503.4478359450892 0.000441
442 -503.4476062985119 0.000442
443 -503.4473766140183 0.000443
444 -503.447146775368 0.000444
445 -503.4469173001314 0.000445
446 -503.446688322641 0.0004459999999999999
447 -503.4464598951253 0.000447
448 -503.4462322186116 0.0004479999999999999
449 -503.4460053841495 0.000449
450 -503.4457792843185 0.00045
451 -503.4455539824045 0.000451
452 -503.4453293105249 0.000452
453 -503.4451054514439 0.000453
454 -503.4448820138292 0.000454
455 -503.444658890164 0.0004549999999999999
456 -503.4444360957453 0.000456
457 -503.4442133645679 0.0004569999999999999
458 -503.4439907249491 0.000458
459 -503.4437681418584 0.000459
460 -503.4435453674265 0.00046
461 -503.4433222368102 0.000461
462 -503.4430987452881 0.000462
463 -503.4428745841812 0.000463
464 -503.4426494598842 0.0004639999999999999
465 -503.4424231352331 0.000465
466 -503.4421956108256 0.0004659999999999999
467 -503.4419664778246 0.000467
468 -503.4417357455437 0.0004679999999999999
469 -503.4415033279381 0.000469
470 -503.4412691119316 0.00047
471 -503.4410330666163 0.000471
472 -503.4407950696615 0.000472
473 -503.4405552451274 0.000473
474 -503.4403134781397 0.000474
475 -503.4400701562262 0.0004749999999999999
476 -503.4398250025753 0.000476
477 -503.439578644571 0.0004769999999999999
478 -503.4393306946215 0.000478
479 -503.4390816939654 0.000479
480 -503.4388315742783 0.00048
481 -503.438580508769 0.000481
482 -503.4383284977223 0.000482
483 -503.4380757246971 0.000483
484 -503.4378220649291 0.0004839999999999999
485 -503.4375677445162 0.000485
486 -503.4373127980157 0.0004859999999999999
487 -503.4370573744959 0.000487
488 -503.4368016296278 0.000488
489 -503.4365457268253 0.000489
490 -503.4362896810811 0.00049
491 -503.4360337739192 0.000491
492 -503.435777952138 0.000492
493 -503.4355224254755 0.0004929999999999999
494 -503.4352673693158 0.000494
495 -503.4350130252689 0.000495
496 -503.4347593357505 0.000496
497 -503.434506601367 0.0004969999999999999
498 -503.4342549974471 0.000498
499 -503.4340046446029 0.000499
500 -503.4337556194297 0.0005
501 -503.4335082606232 0.000501
502 -503.4332626147708 0.000502
503 -503.4330188327166 0.000503
504 -503.4327768704459 0.000504
505 -503.4325371394913 0.000505
506 -503.4322992459685 0.0005059999999999999
507 -503.4320637278536 0.000507
508 -503.4318305885176 0.000508
509 -503.4316001119901 0.000509
510 -503.4313718846794 0.00051
511 -503.4311454146635 0.000511
512 -503.430922134449 0.000512
513 -503.4307018254174 0.000513
514 -503.430484712574 0.000514
515 -503.4302707814118 0.0005149999999999999
516 -503.4300598177891 0.000516
517 -503.4298516647685 0.000517
518 -503.4296462905191 0.000518
519 -503.4294436092308 0.000519
520 -503.4292435673933 0.00052
521 -503.4290461634975 0.000521
522 -503.4288516690341 0.000522
523 -503.4286604280262 0.000523
524 -503.4284722582589 0.0005239999999999999
525 -503.4282874349071 0.000525
526 -503.4281060594071 0.000526
527 -503.4279281276461 0.000527
528 -503.4277536800688 0.000528
529 -503.4275828393998 0.000529
530 -503.4274154656296 0.00053
531 -503.4272516052562 0.000531
532 -503.4270911333152 0.000532
533 -503.4269342152335 0.0005329999999999999
534 -503.4267809217747 0.000534
535 -503.4266313456822 0.000535
536 -503.4264853621393 0.000536
537 -503.4263433052539 0.0005369999999999999
538 -503.4262050686215 0.000538
539 -503.4260705985846 0.000539
540 -503.4259398844869 0.00054
541 -503.4258129374423 0.000541
542 -503.4256896660276 0.0005419999999999999
543 -503.4255701814047 0.000543
544 -503.4254542979431 0.000544
545 -503.4253418604225 0.000545
546 -503.4252328349008 0.0005459999999999999
547 -503.4251272309176 0.000547
548 -503.4250252071529 0.000548
549 -503.4249267981889 0.000549
550 -503.424832035145 0.00055
551 -503.4247410334501 0.0005509999999999999
552 -503.4246538647107 0.000552
553 -503.4245706466055 0.000553
554 -503.4244912224426 0.000554
555 -503.4244156396237 0.0005549999999999999
556 -503.424343830368 0.000556
557 -503.4242756398722 0.000557
558 -503.4242110777041 0.000558
559 -503.4241499604435 0.000559
560 -503.4240923126067 0.00056
561 -503.4240379092777 0.000561
562 -503.4239866773966 0.000562
563 -503.4239384273029 0.000563
564 -503.4238933653361 0.0005639999999999999
565 -503.4238514212744 0.000565
566 -503.4238123928448 0.000566
567 -503.4237764405616 0.000567
568 -503.423743335745 0.000568
569 -503.4237128984857 0.000569
570 -503.4236850612306 0.00057
571 -503.4236597935227 0.000571
572 -503.4236368697935 0.000572
573 -503.4236161561232 0.0005729999999999999
574 -503.4235976484859 0.000574
575 -503.4235809778704 0.000575
576 -503.4235661364232 0.000576
577 -503.4235529896084 0.000577
578 -503.4235413456045 0.000578
579 -503.4235311875295 0.000579
580 -503.4235223312207 0.00058
581 -503.4235147140168 0.000581
582 -503.4235081523939 0.0005819999999999999
583 -503.4235026548589 0.000583
584 -503.4234979123411 0.000584
585 -503.4234938703327 0.000585
586 -503.4234905065788 0.0005859999999999999
587 -503.4234876651106 0.000587
588 -503.4234851592744 0.000588
589 -503.4234829535966 0.000589
590 -503.4234809486753 0.00059
591 -503.4234788798825 0.0005909999999999999
592 -503.4234767250682 0.000592
593 -503.4234743860046 0.000593
594 -503.4234718647695 0.000594
595 -503.4234689021783 0.000595
596 -503.423465536078 0.000596
597 -503.4234616531762 0.000597
598 -503.4234571699905 0.000598
599 -503.4234519108082 0.000599
600 -503.4234458654613 0.0006000000000000001
601 -503.4234390509307 0.000601
602 -503.423431317438 0.000602
603 -503.4234225634309 0.000603
604 -503.423412718633 0.000604
605 -503.4234016162383 0.000605
606 -503.4233891718629 0.000606
607 -503.4233755091862 0.000607
608 -503.4233604913091 0.000608
609 -503.4233443520073 0.0006090000000000001
610 -503.4233267523887 0.00061
611 -503.4233074586562 0.000611
612 -503.4232872965209 0.000612
613 -503.4232663022995 0.000613
614 -503.4232442942385 0.000614
615 -503.4232210894351 0.000615
616 -503.4231965060435 0.000616
617 -503.4231704252481 0.000617
618 -503.4231426464712 0.0006180000000000001
619 -503.4231131264002 0.000619
620 -503.4230818234123 0.00062
621 -503.42304873516 0.000621
622 -503.4230139082604 0.000622
623 -503.4229772347433 0.000623
624 -503.4229387762264 0.000624
625 -503.4228985153332 0.000625
626 -503.4228564492986 0.000626
627 -503.4228125536308 0.0006270000000000001
628 -503.4227668216473 0.000628
629 -503.4227192246331 0.000629
630 -503.4226697097692 0.00063
631 -503.4226182669384 0.0006310000000000001
632 -503.4225648986087 0.000632
633 -503.4225096012952 0.000633
634 -503.4224523963483 0.000634
635 -503.4223933351213 0.000635
636 -503.4223324152349 0.0006360000000000001
637 -503.422269800024 0.000637
638 -503.4222054775129 0.000638
639 -503.4221394853931 0.000639
640 -503.4220718458747 0.0006400000000000001
641 -503.4220025980325 0.000641
642 -503.4219316490084 0.000642
643 -503.4218589945945 0.000643
644 -503.4217846486341 0.000644
645 -503.4217085468653 0.000645
646 -503.421630704419 0.000646
647 -503.4215510520928 0.000647
648 -503.4214696566036 0.000648
649 -503.4213865269062 0.0006490000000000001
650 -503.4213017813624 0.00065
651 -503.4212154623537 0.000651
652 -503.4211276619862 0.000652
653 -503.4210384711421 0.000653
654 -503.4209479326286 0.000654
655 -503.420856146438 0.000655
656 -503.4207632344936 0.000656
657 -503.4206693143073 0.000657
658 -503.4205745041799 0.0006580000000000001
659 -503.4204789178746 0.000659
660 -503.4203826662524 0.00066
661 -503.4202858542793 0.000661
662 -503.4201885909617 0.000662
663 -503.4200910500913 0.000663
664 -503.4199931611878 0.000664
665 -503.4198951194023 0.000665
666 -503.4197970212833 0.000666
667 -503.4196989878022 0.0006670000000000001
668 -503.4196010679197 0.000668
669 -503.4195034353748 0.000669
670 -503.4194061198752 0.00067
671 -503.4193091930185 0.000671
672 -503.4192127301476 0.000672
673 -503.4191167075772 0.000673
674 -503.4189328900786 0.000674
675 -503.4187488913143 0.000675
676 -503.4186546569605 0.0006760000000000001
677 -503.4185634137958 0.000677
678 -503.4183907648622 0.000678
679 -503.4182186269844 0.000679
680 -503.4180505657293 0.00068
681 -503.4178868975793 0.000681
682 -503.4178039484209 0.000682
683 -503.4177240007979 0.000683
684 -503.4176454706961 0.000684
685 -503.4175684142589 0.0006850000000000001
686 -503.4174929177904 0.000686
687 -503.4174192124038 0.000687
688 -503.417347357015 0.000688
689 -503.4172774298682 0.0006890000000000001
690 -503.4172094857626 0.00069
691 -503.4171435637994 0.000691
692 -503.4170796855977 0.000692
693 -503.417017836661 0.000693
694 -503.4169580011082 0.000694
695 -503.4169001673839 0.000695
696 -503.4168442765044 0.000696
697 -503.4167902765432 0.000697
698 -503.4167380952996 0.0006980000000000001
699 -503.4166876702458 0.000699
700 -503.4166389379136 0.0007
701 -503.4165918477507 0.000701
702 -503.4165463949601 0.000702
703 -503.4165025829782 0.000703
704 -503.4164604120144 0.000704
705 -503.4164200028598 0.000705
706 -503.4163813773736 0.000706
707 -503.416344600852 0.0007070000000000001
708 -503.416309733824 0.000708
709 -503.4162768298751 0.000709
710 -503.4162459006589 0.00071
711 -503.4162169435754 0.000711
712 -503.4161899797782 0.000712
713 -503.4161648427745 0.000713
714 -503.416141582059 0.000714
715 -503.4161201189044 0.000715
716 -503.4161005934931 0.0007160000000000001
717 -503.4160829582493 0.000717
718 -503.4160672393977 0.000718
719 -503.416053419588 0.000719
720 -503.416041534621 0.00072
721 -503.4160315752749 0.000721
722 -503.4160234105144 0.000722
723 -503.416016892939 0.000723
724 -503.4160120185896 0.000724
725 -503.4160088038557 0.0007250000000000001
726 -503.4160071796268 0.000726
727 -503.4160070716524 0.000727
728 -503.4160084335886 0.000728
729 -503.4160112047621 0.000729
730 -503.4160153489563 0.00073
731 -503.4160208360701 0.000731
732 -503.4160276130397 0.000732
733 -503.4160356410507 0.000733
734 -503.4160448624756 0.000734
735 -503.4160552237571 0.000735
736 -503.4160666612484 0.000736
737 -503.416079106049 0.000737
738 -503.4160924938529 0.000738
739 -503.4161067847783 0.000739
740 -503.4161218432124 0.00074
741 -503.416137636233 0.000741
742 -503.4161541018333 0.000742
743 -503.4161711757806 0.000743
744 -503.4161887114727 0.000744
745 -503.4162068151631 0.000745
746 -503.4162253265331 0.000746
747 -503.416244191088 0.0007470000000000001
748 -503.4162633525432 0.000748
749 -503.4162826661023 0.000749
750 -503.4163020699363 0.00075
751 -503.4163215201191 0.000751
752 -503.4163408801966 0.000752
753 -503.4163601314828 0.000753
754 -503.4163791394493 0.000754
755 -503.4163978806457 0.000755
756 -503.4164161442482 0.0007560000000000001
757 -503.4164339371657 0.000757
758 -503.4164511937473 0.000758
759 -503.4164678733888 0.000759
760 -503.4164839164119 0.00076
761 -503.4164992445291 0.000761
762 -503.4165138121832 0.000762
763 -503.4165275918925 0.000763
764 -503.4165405699528 0.000764
765 -503.4165527511405 0.0007650000000000001
766 -503.4165641624818 0.000766
767 -503.4165748728855 0.000767
768 -503.4165848178746 0.000768
769 -503.4165940546015 0.000769
770 -503.4166025656817 0.00077
771 -503.4166102902554 0.000771
772 -503.4166171810238 0.000772
773 -503.4166230564831 0.000773
774 -503.4166278722117 0.0007740000000000001
775 -503.4166315194077 0.000775
776 -503.4166339044518 0.000776
777 -503.4166349363903 0.000777
778 -503.4166345608664 0.000778
779 -503.4166327271383 0.000779
780 -503.4166293756998 0.00078
781 -503.416624612628 0.000781
782 -503.4166182541702 0.000782
783 -503.4166103042625 0.000783
784 -503.4166011409 0.000784
785 -503.41659084923 0.000785
786 -503.4165794252888 0.000786
787 -503.4165668703076 0.000787
788 -503.4165531856891 0.000788
789 -503.4165384061005 0.000789
790 -503.4165224367691 0.00079
791 -503.4165052971999 0.000791
792 -503.4164869798613 0.000792
793 -503.4164674789905 0.000793
794 -503.416446791703 0.000794
795 -503.4164249240331 0.000795
796 -503.416401877604 0.000796
797 -503.4163776738686 0.000797
798 -503.4163523124 0.000798
799 -503.4163257763891 0.000799
800 -503.4162981623393 0.0008
801 -503.416269399017 0.000801
802 -503.4162395225582 0.000802
803 -503.4162085480278 0.000803
804 -503.416176500757 0.000804
805 -503.4161433070634 0.0008050000000000001
806 -503.4161091820021 0.000806
807 -503.4160740391106 0.000807
808 -503.4160379122268 0.000808
809 -503.4160008243717 0.000809
810 -503.4159627994727 0.00081
811 -503.4159238900544 0.000811
812 -503.4158840662685 0.000812
813 -503.4158433915256 0.000813
814 -503.4158018680285 0.0008140000000000001
815 -503.4157595901204 0.000815
816 -503.4157165497215 0.000816
817 -503.4156727597969 0.000817
818 -503.4156282743718 0.000818
819 -503.4155831010048 0.000819
820 -503.4155372616478 0.00082
821 -503.4154908733692 0.000821
822 -503.4154439655891 0.000822
823 -503.4153964601685 0.0008230000000000001
824 -503.4153482749793 0.000824
825 -503.4152995734843 0.000825
826 -503.4152505762148 0.000826
827 -503.4152014422771 0.000827
828 -503.4151521676727 0.000828
829 -503.4151028092261 0.000829
830 -503.4150533938538 0.00083
831 -503.4150038914757 0.000831
832 -503.4149543649935 0.0008319999999999999
833 -503.4149049528563 0.000833
834 -503.4148556090091 0.000834
835 -503.4148064150931 0.000835
836 -503.4147574156792 0.000836
837 -503.4147086577041 0.000837
838 -503.4146600925297 0.000838
839 -503.4146119369327 0.000839
840 -503.4145641312098 0.00084
841 -503.4145167103756 0.000841
842 -503.4144696444577 0.000842
843 -503.4144230159058 0.000843
844 -503.4143769383685 0.000844
845 -503.4143314398105 0.000845
846 -503.414286597456 0.000846
847 -503.4142423583663 0.000847
848 -503.4141988165653 0.000848
849 -503.4141560214581 0.000849
850 -503.4141139763169 0.00085
851 -503.4140727189922 0.000851
852 -503.4140322568551 0.000852
853 -503.4139926787697 0.000853
854 -503.413954022677 0.000854
855 -503.4139161996397 0.000855
856 -503.4138792867363 0.000856
857 -503.4138432932144 0.000857
858 -503.4138082332404 0.000858
859 -503.4137741136389 0.000859
860 -503.4137409265579 0.00086
861 -503.4137086688967 0.000861
862 -503.4136773378386 0.000862
863 -503.4136469304426 0.0008630000000000001
864 -503.4136174404246 0.000864
865 -503.4135888631886 0.000865
866 -503.4135612123223 0.000866
867 -503.4135344559531 0.000867
868 -503.4135086487587 0.000868
869 -503.4134838305201 0.000869
870 -503.4134599476855 0.00087
871 -503.4134372359262 0.000871
872 -503.4134156425296 0.0008720000000000001
873 -503.4133952154218 0.000873
874 -503.4133760012612 0.000874
875 -503.4133580079799 0.000875
876 -503.413341299193 0.000876
877 -503.4133258634821 0.000877
878 -503.4133116892528 0.000878
879 -503.4132987600989 0.000879
880 -503.4132870614361 0.00088
881 -503.4132765635614 0.0008809999999999999
882 -503.4132672371359 0.000882
883 -503.4132590664227 0.000883
884 -503.4132519765362 0.000884
885 -503.4132459567995 0.000885
886 -503.4132410317446 0.000886
887 -503.4132370763346 0.000887
888 -503.4132341007086 0.000888
889 -503.4132319720018 0.000889
890 -503.4132307732718 0.0008899999999999999
891 -503.4132304600907 0.000891
892 -503.4132309897063 0.000892
893 -503.4132323221189 0.000893
894 -503.4132344198 0.000894
895 -503.4132372355442 0.000895
896 -503.4132408512514 0.000896
897 -503.4132452226477 0.000897
898 -503.413250346911 0.000898
899 -503.4132562108541 0.000899
900 -503.413262798572 0.0009
901 -503.4132700948564 0.000901
902 -503.4132780729472 0.000902
903 -503.4132867335549 0.000903
904 -503.41329592996 0.000904
905 -503.4133056849632 0.000905
906 -503.4133159628003 0.000906
907 -503.4133267297216 0.000907
908 -503.4133379353801 0.000908
909 -503.4133495613789 0.000909
910 -503.4133615682331 0.00091
911 -503.4133739310022 0.000911
912 -503.4133866139434 0.0009120000000000001
913 -503.413399577962 0.000913
914 -503.4134127799826 0.000914
915 -503.4134261555279 0.000915
916 -503.4134396505437 0.000916
917 -503.4134532043256 0.000917
918 -503.4134667569618 0.000918
919 -503.4134802727387 0.000919
920 -503.4134937068465 0.00092
921 -503.4135070130121 0.0009209999999999999
922 -503.4135202529126 0.000922
923 -503.4135333870975 0.000923
924 -503.4135464246346 0.000924
925 -503.413559297047 0.000925
926 -503.413572020596 0.000926
927 -503.4135845357209 0.000927
928 -503.4135968725656 0.000928
929 -503.4136089583565 0.000929
930 -503.4136206864808 0.0009299999999999999
931 -503.413632120264 0.000931
932 -503.4136431693894 0.000932
933 -503.4136538019043 0.000933
934 -503.4136639866333 0.000934
935 -503.413673691767 0.000935
936 -503.4136828723359 0.000936
937 -503.4136915053967 0.000937
938 -503.4136995576205 0.000938
939 -503.4137069788246 0.0009389999999999999
940 -503.4137137894208 0.00094
941 -503.4137199233814 0.000941
942 -503.4137253559241 0.000942
943 -503.4137300528348 0.000943
944 -503.4137339737048 0.000944
945 -503.4137370864105 0.000945
946 -503.4137393441 0.000946
947 -503.4137407191321 0.000947
948 -503.4137411755651 0.0009479999999999999
949 -503.4137407148473 0.000949
950 -503.4137392746125 0.00095
951 -503.4137368685941 0.000951
952 -503.4137335265715 0.000952
953 -503.4137292669348 0.000953
954 -503.413724112646 0.000954
955 -503.4137180882388 0.000955
956 -503.4137111999984 0.000956
957 -503.4137035430939 0.000957
958 -503.4136951072543 0.000958
959 -503.4136859133905 0.000959
960 -503.4136759777971 0.00096
961 -503.4136652960502 0.000961
962 -503.4136538823923 0.000962
963 -503.4136417291788 0.000963
964 -503.4136288389109 0.000964
965 -503.4136152155973 0.000965
966 -503.4136008497957 0.000966
967 -503.4135857421331 0.000967
968 -503.413569913822 0.000968
969 -503.4135533731306 0.000969
970 -503.4135361151652 0.0009699999999999999
971 -503.4135181480122 0.000971
972 -503.4134994790678 0.000972
973 -503.4134801426667 0.000973
974 -503.4134600952342 0.000974
975 -503.4134393865427 0.000975
976 -503.4134180190218 0.000976
977 -503.4133960222651 0.000977
978 -503.4133733774003 0.0009779999999999999
979 -503.4133501306869 0.0009789999999999998
980 -503.4133263108095 0.00098
981 -503.4133019247519 0.0009809999999999999
982 -503.4132769963269 0.000982
983 -503.4132515465607 0.0009829999999999999
984 -503.413225604424 0.0009839999999999998
985 -503.4131991894685 0.000985
986 -503.4131723255267 0.0009859999999999999
987 -503.4131450335655 0.000987
988 -503.4131173329132 0.0009879999999999999
989 -503.4130892616866 0.0009889999999999999
990 -503.4130608503985 0.00099
991 -503.4130321467877 0.0009909999999999999
992 -503.4130031368448 0.000992
993 -503.4129738690418 0.000993
994 -503.4129443760176 0.0009939999999999999
995 -503.4129146891038 0.000995
996 -503.4128848455426 0.0009959999999999999
997 -503.4128548296395 0.0009969999999999998
998 -503.4128247701513 0.000998
999 -503.4127946427571 0.0009989999999999999
1000 -503.4127644736332 0.001
1001 -503.4127342730202 0.001001
1002 -503.4127040644407 0.001002
1003 -503.4126739346303 0.001003
1004 -503.4126438978993 0.001004
1005 -503.4126139858744 0.001005
1006 -503.4125842440253 0.001006
1007 -503.4125547046697 0.001007
1008 -503.4125253552292 0.001008
1009 -503.4124963130349 0.001009
1010 -503.4124675179136 0.00101
1011 -503.4124390021105 0.001011
1012 -503.4124108361846 0.001012
1013 -503.4123830373228 0.001013
1014 -503.4123556195742 0.001014
1015 -503.4123285946626 0.001015
1016 -503.4123019741774 0.001016
1017 -503.412275774527 0.001017
1018 -503.4122500183791 0.001018
1019 -503.4122247695836 0.001019
1020 -503.4121999502461 0.00102
1021 -503.4121756240167 0.001021
1022 -503.4121518130055 0.001022
1023 -503.412128525122 0.001023
1024 -503.4121057603714 0.001024
1025 -503.4120835176461 0.001025
1026 -503.412061784463 0.001026
1027 -503.412040598633 0.001027
1028 -503.4120199222962 0.001028
1029 -503.4119997636496 0.001029
1030 -503.4119801694785 0.00103
1031 -503.4119610526051 0.001031
1032 -503.4119424818961 0.001032
1033 -503.4119244745746 0.001033
1034 -503.4119070607503 0.001034
1035 -503.4118902686885 0.001035
1036 -503.4118741328787 0.001036
1037 -503.4118586911757 0.001037
1038 -503.4118439740681 0.001038
1039 -503.4118300220646 0.001039
1040 -503.4118168140193 0.00104
1041 -503.4118043681552 0.001041
1042 -503.4117926488433 0.001042
1043 -503.4117817439571 0.001043
1044 -503.4117715966061 0.001044
1045 -503.4117621959219 0.001045
1046 -503.4117535292061 0.001046
1047 -503.4117455835371 0.001047
1048 -503.4117383520391 0.001048
1049 -503.4117318199299 0.001049
1050 -503.4117259690219 0.00105
1051 -503.4117207934028 0.001051
1052 -503.4117162743903 0.001052
1053 -503.4117124003856 0.001053
1054 -503.4117091548673 0.001054
1055 -503.4117065309791 0.001055
1056 -503.4117044978016 0.001056
1057 -503.4117030075743 0.001057
1058 -503.4117021045428 0.001058
1059 -503.4117017636182 0.001059
1060 -503.4117019828942 0.00106
1061 -503.4117027441288 0.001061
1062 -503.4117040309147 0.001062
1063 -503.4117058128845 0.001063
1064 -503.4117080696112 0.001064
1065 -503.4117107879605 0.001065
1066 -503.4117139654542 0.001066
1067 -503.4117175496646 0.001067
1068 -503.4117215341489 0.001068
1069 -503.4117259090315 0.001069
1070 -503.4117306629678 0.00107
1071 -503.4117357804005 0.001071
1072 -503.4117412307037 0.001072
1073 -503.4117470004938 0.001073
1074 -503.4117530814978 0.001074
1075 -503.4117594448657 0.001075
1076 -503.4117660719543 0.001076
1077 -503.4117729448656 0.001077
1078 -503.411780043592 0.001078
1079 -503.4117873723686 0.001079
1080 -503.4117948632633 0.00108
1081 -503.411802522969 0.001081
1082 -503.4118103314386 0.001082
1083 -503.4118182648933 0.001083
1084 -503.4118262989056 0.001084
1085 -503.4118344098015 0.001085
1086 -503.4118425700804 0.001086
1087 -503.411850755207 0.001087
1088 -503.4118589402449 0.001088
1089 -503.4118670987576 0.001089
1090 -503.4118752111613 0.00109
1091 -503.4118832478767 0.001091
1092 -503.4118911826204 0.001092
1093 -503.411898951706 0.001093
1094 -503.4119066047069 0.001094
1095 -503.4119141094453 0.001095
1096 -503.4119214205397 0.001096
1097 -503.4119285136981 0.001097
1098 -503.4119353738002 0.001098
1099 -503.4119419794534 0.001099
1100 -503.4119483167018 0.0011
1101 -503.4119543690841 0.001101
1102 -503.4119601163592 0.001102
1103 -503.4119655524388 0.001103
1104 -503.4119706525804 0.001104
1105 -503.4119753985112 0.001105
1106 -503.4119797792123 0.001106
1107 -503.4119837266639 0.001107
1108 -503.4119873198537 0.001108
1109 -503.4119904898889 0.001109
1110 -503.4119932364953 0.00111
1111 -503.4119955371776 0.001111
1112 -503.411997389891 0.001112
1113 -503.4119987843356 0.001113
1114 -503.4119997057877 0.001114
1115 -503.4120001434169 0.001115
1116 -503.4120000902776 0.001116
1117 -503.411999532105 0.001117
1118 -503.411998418696 0.001118
1119 -503.4119968056319 0.001119
1120 -503.4119946273962 0.00112
1121 -503.4119918726587 0.001121
1122 -503.411988571941 0.001122
1123 -503.4119846142728 0.001123
1124 -503.4119800864285 0.001124
1125 -503.4119749254625 0.001125
1126 -503.4119691889751 0.001126
1127 -503.4119628784393 0.001127
1128 -503.411956030161 0.001128
1129 -503.4119486302313 0.001129
1130 -503.4119407684198 0.00113
1131 -503.4119324152882 0.001131
1132 -503.4119235906907 0.001132
1133 -503.4119143012493 0.001133
1134 -503.4119045499212 0.001134
1135 -503.4118943342572 0.001135
1136 -503.4118836750989 0.001136
1137 -503.4118725570643 0.001137
1138 -503.4118609904548 0.001138
1139 -503.4118489807822 0.001139
1140 -503.4118365283582 0.00114
1141 -503.4118236356352 0.001141
1142 -503.4118103137093 0.001142
1143 -503.4117965852955 0.001143
1144 -503.411782433757 0.001144
1145 -503.4117678844637 0.001145
1146 -503.4117529567539 0.001146
1147 -503.4117376599665 0.001147
1148 -503.411721993401 0.001148
1149 -503.4117059738364 0.001149
1150 -503.4116896110715 0.00115
1151 -503.4116729196525 0.001151
1152 -503.4116559107986 0.001152
1153 -503.4116386085583 0.001153
1154 -503.4116210293609 0.001154
1155 -503.4116031829961 0.001155
1156 -503.4115682578519 0.001156
1157 -503.4115494029225 0.001157
1158 -503.4115306743678 0.001158
1159 -503.4115117729461 0.001159
1160 -503.4114926858899 0.00116
1161 -503.4114734818367 0.001161
1162 -503.41145416983 0.001162
1163 -503.411434712673 0.001163
1164 -503.4114151792886 0.001164
1165 -503.4113955930082 0.001165
1166 -503.4113759704902 0.001166
1167 -503.4113563001507 0.001167
1168 -503.4113366603665 0.001168
1169 -503.4113170343237 0.001169
1170 -503.4112974402684 0.00117
1171 -503.4112779075461 0.001171
1172 -503.411258452833 0.001172
1173 -503.4112390967279 0.001173
1174 -503.4112198477752 0.001174
1175 -503.4112006979021 0.001175
1176 -503.4111817098964 0.001176
1177 -503.4111629005972 0.001177
1178 -503.4111442771219 0.001178
1179 -503.4111258469169 0.001179
1180 -503.4111076278492 0.00118
1181 -503.4110896133075 0.001181
1182 -503.4110718218413 0.001182
1183 -503.4110542578501 0.001183
1184 -503.4110369384471 0.001184
1185 -503.4110198716144 0.001185
1186 -503.4110030529674 0.001186
1187 -503.4109864789841 0.001187
1188 -503.4109701555365 0.001188
1189 -503.41095408774 0.001189
1190 -503.4109382770487 0.00119
1191 -503.410922749426 0.001191
1192 -503.4109075172403 0.001192
1193 -503.4108926000097 0.001193
1194 -503.4108780273249 0.001194
1195 -503.4108638173328 0.001195
1196 -503.4108500019529 0.001196
1197 -503.4108366067674 0.001197
1198 -503.4108236542637 0.001198
1199 -503.4108111581889 0.001199
1200 -503.4107991428172 0.0012
1201 -503.4107875771234 0.001201
1202 -503.4107764847982 0.001202
1203 -503.410765871962 0.001203
1204 -503.4107557303336 0.001204
1205 -503.4107460655233 0.001205
1206 -503.4107368656231 0.001206
1207 -503.4107281318395 0.001207
1208 -503.4107198597386 0.001208
1209 -503.4107120493809 0.001209
1210 -503.4107046956758 0.00121
1211 -503.4106977889872 0.001211
1212 -503.4106913249157 0.001212
1213 -503.4106853147952 0.001213
1214 -503.410679742517 0.001214
1215 -503.4106746116334 0.001215
1216 -503.4106699169703 0.001216
1217 -503.4106656419378 0.001217
1218 -503.4106617780122 0.001218
1219 -503.4106583159528 0.001219
1220 -503.4106552520554 0.00122
1221 -503.4106525844483 0.001221
1222 -503.4106503010348 0.001222
1223 -503.410648396447 0.001223
1224 -503.4106468705459 0.001224
1225 -503.4106457119039 0.001225
1226 -503.4106449207839 0.001226
1227 -503.4106443949237 0.001227
1228 -503.4106442699381 0.001228
1229 -503.4106444906412 0.001229
1230 -503.4106450468826 0.00123
1231 -503.4106459298288 0.001231
1232 -503.4106471233167 0.001232
1233 -503.4106486226724 0.001233
1234 -503.4106504101679 0.001234
1235 -503.4106524665062 0.001235
1236 -503.4106547957119 0.001236
1237 -503.4106573723952 0.001237
1238 -503.410660180512 0.001238
1239 -503.410663199986 0.001239
1240 -503.4106664234368 0.00124
1241 -503.4106698330822 0.001241
1242 -503.410673413431 0.001242
1243 -503.4106771470314 0.001243
1244 -503.4106810205137 0.001244
1245 -503.4106850014002 0.001245
1246 -503.4106891160538 0.001246
1247 -503.4106933196704 0.001247
1248 -503.4106975985863 0.001248
1249 -503.4107019346924 0.001249
1250 -503.4107062877313 0.00125
1251 -503.4107107032213 0.001251
1252 -503.410715131542 0.001252
1253 -503.4107195605345 0.001253
1254 -503.4107239809292 0.001254
1255 -503.410728376616 0.001255
1256 -503.4107327376146 0.001256
1257 -503.4107370469615 0.001257
1258 -503.4107413209437 0.001258
1259 -503.4107454754263 0.001259
1260 -503.4107495370394 0.00126
1261 -503.410753491117 0.001261
1262 -503.4107573240473 0.001262
1263 -503.4107610263029 0.001263
1264 -503.4107645874705 0.001264
1265 -503.4107679980881 0.001265
1266 -503.4107712196022 0.001266
1267 -503.4107743074237 0.001267
1268 -503.4107772117742 0.001268
1269 -503.4107799248673 0.001269
1270 -503.4107824390897 0.00127
1271 -503.4107847416061 0.001271
1272 -503.4107868236699 0.001272
1273 -503.4107887262123 0.001273
1274 -503.4107903683426 0.001274
1275 -503.4107917309953 0.001275
1276 -503.4107928507013 0.001276
1277 -503.4107937129999 0.001277
1278 -503.4107943032121 0.001278
1279 -503.4107946163295 0.001279
1280 -503.4107946423929 0.00128
1281 -503.41079437477 0.001281
1282 -503.4107938057149 0.001282
1283 -503.4107928962862 0.001283
1284 -503.4107917150056 0.001284
1285 -503.410790214037 0.001285
1286 -503.4107883904665 0.001286
1287 -503.4107862399264 0.001287
1288 -503.4107837606403 0.001288
1289 -503.4107809481761 0.001289
1290 -503.4107778093652 0.00129
1291 -503.4107743411395 0.001291
1292 -503.4107705690395 0.001292
1293 -503.410766422766 0.001293
1294 -503.4107619388585 0.001294
1295 -503.4107571081039 0.001295
1296 -503.4107519304538 0.001296
1297 -503.4107464008075 0.001297
1298 -503.4107405167952 0.001298
1299 -503.4107342908115 0.001299
1300 -503.4107276782739 0.0013
1301 -503.4107206839118 0.001301
1302 -503.4107133776817 0.001302
1303 -503.4107057314488 0.001303
1304 -503.4106977610095 0.001304
1305 -503.410689489923 0.001305
1306 -503.4106809343379 0.001306
1307 -503.4106721065742 0.001307
1308 -503.4106630183509 0.001308
1309 -503.4106536790101 0.001309
1310 -503.4106441241296 0.00131
1311 -503.4106342981165 0.001311
1312 -503.4106242463376 0.001312
1313 -503.410613970362 0.001313
1314 -503.4106034773609 0.001314
1315 -503.410592768849 0.001315
1316 -503.4105818501807 0.001316
1317 -503.4105707268199 0.001317
1318 -503.4105594073189 0.001318
1319 -503.4105478973663 0.001319
1320 -503.4105362018572 0.00132
1321 -503.4105243319416 0.001321
1322 -503.410512293609 0.001322
1323 -503.4105000923803 0.001323
1324 -503.4104877381234 0.001324
1325 -503.4104752468573 0.001325
1326 -503.4104626213512 0.001326
1327 -503.410449875737 0.001327
1328 -503.4104370238279 0.001328
1329 -503.4104240752127 0.001329
1330 -503.4104110126931 0.00133
1331 -503.4103979164605 0.001331
1332 -503.4103847589024 0.001332
1333 -503.410371550485 0.001333
1334 -503.4103583081185 0.001334
1335 -503.4103450418056 0.001335
1336 -503.4103317420342 0.001336
1337 -503.4103184438226 0.001337
1338 -503.4103051710953 0.001338
1339 -503.4102919315085 0.001339
1340 -503.4102787314707 0.00134
1341 -503.4102656072367 0.001341
1342 -503.4102524993138 0.001342
1343 -503.410239453152 0.001343
1344 -503.410226469746 0.001344
1345 -503.410213553166 0.001345
1346 -503.4102007093234 0.001346
1347 -503.4101879478116 0.001347
1348 -503.4101752781964 0.001348
1349 -503.4101627131084 0.001349
1350 -503.4101502684751 0.00135
1351 -503.4101379588755 0.001351
1352 -503.4101257809039 0.001352
1353 -503.4101138125735 0.001353
1354 -503.4101020324578 0.001354
1355 -503.4100904529225 0.001355
1356 -503.4100790931543 0.001356
1357 -503.4100679596919 0.001357
1358 -503.4100570656151 0.001358
1359 -503.4100464165521 0.001359
1360 -503.4100360215922 0.00136
1361 -503.4100258765191 0.001361
1362 -503.4100159866217 0.001362
1363 -503.4100063542544 0.001363
1364 -503.4099969857384 0.001364
1365 -503.4099878860706 0.001365
1366 -503.4099790404768 0.001366
1367 -503.4099704982061 0.001367
1368 -503.4099622408626 0.001368
1369 -503.4099542636218 0.001369
1370 -503.4099465739202 0.00137
1371 -503.4099391727648 0.001371
1372 -503.4099320647062 0.001372
1373 -503.4099252443305 0.001373
1374 -503.4099187182946 0.001374
1375 -503.4099124853803 0.001375
1376 -503.4099065462914 0.001376
1377 -503.409900898275 0.001377
1378 -503.4098955448197 0.001378
1379 -503.4098904839227 0.001379
1380 -503.4098857197065 0.00138
1381 -503.4098812537961 0.001381
1382 -503.409877081466 0.001382
1383 -503.4098732018563 0.001383
1384 -503.4098696145982 0.001384
1385 -503.409866314626 0.001385
1386 -503.4098633017232 0.001386
1387 -503.4098605725906 0.001387
1388 -503.4098581170165 0.001388
1389 -503.4098559396869 0.001389
1390 -503.4098540263095 0.00139
1391 -503.4098523718523 0.001391
1392 -503.4098509268841 0.001392
1393 -503.4098497761848 0.001393
1394 -503.4098488618189 0.001394
1395 -503.4098481816929 0.001395
1396 -503.4098477302174 0.001396
1397 -503.4098474981997 0.001397
1398 -503.4098474836884 0.001398
1399 -503.4098476695056 0.001399
1400 -503.4098480506319 0.0014
1401 -503.4098486183066 0.001401
1402 -503.409849356712 0.001402
1403 -503.4098502427466 0.001403
1404 -503.4098512935903 0.001404
1405 -503.4098525067022 0.001405
1406 -503.4098538671517 0.001406
1407 -503.4098553658791 0.001407
1408 -503.4098569891406 0.001408
1409 -503.4098587248646 0.001409
1410 -503.4098605611275 0.00141
1411 -503.4098624883682 0.001411
1412 -503.4098644971003 0.001412
1413 -503.4098665746026 0.001413
1414 -503.4098687184376 0.001414
1415 -503.4098709186642 0.001415
1416 -503.4098731691826 0.001416
1417 -503.4098754625251 0.001417
1418 -503.4098777878411 0.001418
1419 -503.409880136743 0.001419
1420 -503.4098825041016 0.00142
1421 -503.4098848763812 0.001421
1422 -503.409887233061 0.001422
1423 -503.4098895697744 0.001423
1424 -503.4098918778967 0.001424
1425 -503.4098941501854 0.001425
1426 -503.4098963762305 0.001426
1427 -503.4098985452482 0.001427
1428 -503.4099006494719 0.001428
1429 -503.4099026856013 0.001429
1430 -503.4099046402159 0.00143
1431 -503.4099064648814 0.001431
1432 -503.409908245642 0.001432
1433 -503.409909920059 0.001433
1434 -503.4099114852643 0.001434
1435 -503.4099129334203 0.001435
1436 -503.4099142583194 0.001436
1437 -503.4099154519813 0.001437
1438 -503.4099165098041 0.001438
1439 -503.4099174271914 0.001439
1440 -503.4099181982207 0.00144
1441 -503.4099188177298 0.001441
1442 -503.4099192829402 0.001442
1443 -503.4099195865813 0.001443
1444 -503.4099197207704 0.001444
1445 -503.4099196812369 0.001445
1446 -503.4099194620507 0.001446
1447 -503.4099190604045 0.001447
1448 -503.4099184694994 0.001448
1449 -503.4099176882925 0.001449
1450 -503.4099167109997 0.00145
1451 -503.4099155349101 0.001451
1452 -503.4099141756776 0.001452
1453 -503.4099125864213 0.001453
1454 -503.4099107919225 0.001454
1455 -503.4099087896096 0.001455
1456 -503.4099065769122 0.001456
1457 -503.4099041179709 0.001457
1458 -503.4099014770099 0.001458
1459 -503.4098986141389 0.001459
1460 -503.409895531029 0.00146
1461 -503.4098922256629 0.001461
1462 -503.4098886988796 0.001462
1463 -503.4098849532531 0.001463
1464 -503.4098809859613 0.001464
1465 -503.4098767984801 0.001465
1466 -503.4098723864161 0.001466
1467 -503.4098677500529 0.001467
1468 -503.409862892897 0.001468
1469 -503.4098578248019 0.001469
1470 -503.4098525506871 0.00147
1471 -503.40984707749 0.001471
1472 -503.4098414086523 0.001472
1473 -503.4098355467352 0.001473
1474 -503.4098294929153 0.001474
1475 -503.409823251691 0.001475
